<?xml version="1.0" encoding="UTF-8"?>
<testsuite xmlns:xsi="http://www.w3.org/2001/XMLSchema-instance" xsi:noNamespaceSchemaLocation="https://maven.apache.org/surefire/maven-surefire-plugin/xsd/surefire-test-report-3.0.xsd" version="3.0" name="com.sudoku.FieldTest" time="0.051" tests="11" errors="0" skipped="0" failures="1">
  <properties>
[...]
</properties>
  <testcase name="getCoordinatesTest" classname="com.sudoku.FieldTest" time="0.005"/>
  <testcase name="clearLeTest" classname="com.sudoku.FieldTest" time="0.005"/>
  <testcase name="removeLETest" classname="com.sudoku.FieldTest" time="0.002"/>
  <testcase name="removeValueFromNeighboursTest" classname="com.sudoku.FieldTest" time="0.002"/>
  <testcase name="removeEdgeTest" classname="com.sudoku.FieldTest" time="0.003"/>
  <testcase name="setFieldValueTest" classname="com.sudoku.FieldTest" time="0.003"/>
  <testcase name="fieldValueConstraintTest" classname="com.sudoku.FieldTest" time="0.002"/>
  <testcase name="addEdgeTest" classname="com.sudoku.FieldTest" time="0.0"/>
  <testcase name="getPositionTest" classname="com.sudoku.FieldTest" time="0.0"/>
  <testcase name="notcontainsEdgeTest" classname="com.sudoku.FieldTest" time="0.001"/>
  <testcase name="fieldButtonTest" classname="com.sudoku.FieldTest" time="0.01">
    <failure message="expected: &lt;true&gt; but was: &lt;false&gt;" type="org.opentest4j.AssertionFailedError"><![CDATA[org.opentest4j.AssertionFailedError: expected: <true> but was: <false>
	at org.junit.jupiter.api.AssertionFailureBuilder.build(AssertionFailureBuilder.java:151)
	at org.junit.jupiter.api.AssertionFailureBuilder.buildAndThrow(AssertionFailureBuilder.java:132)
	at org.junit.jupiter.api.AssertTrue.failNotTrue(AssertTrue.java:63)
	at org.junit.jupiter.api.AssertTrue.assertTrue(AssertTrue.java:36)
	at org.junit.jupiter.api.AssertTrue.assertTrue(AssertTrue.java:31)
	at org.junit.jupiter.api.Assertions.assertTrue(Assertions.java:183)
	at com.sudoku.FieldTest.fieldButtonTest(FieldTest.java:70)
	at java.base/java.lang.reflect.Method.invoke(Method.java:580)
	at java.base/java.util.ArrayList.forEach(ArrayList.java:1596)
	at java.base/java.util.ArrayList.forEach(ArrayList.java:1596)
]]></failure>
  </testcase>
</testsuite>