<?xml version="1.0" encoding="UTF-8"?>
<testsuite xmlns:xsi="http://www.w3.org/2001/XMLSchema-instance" xsi:noNamespaceSchemaLocation="https://maven.apache.org/surefire/maven-surefire-plugin/xsd/surefire-test-report-3.0.xsd" version="3.0" name="com.sudoku.SudokuBoardTest" time="0.904" tests="4" errors="0" skipped="0" failures="1">
  <properties>
[...]
</properties>
  <testcase name="uniquenessTest" classname="com.sudoku.SudokuBoardTest" time="0.011">
    <system-out><![CDATA[Inserted 2 at (0,0)
Inserted 3 at (1,0)
Inserted 1 at (0,1)
Inserted 0 at (1,1)
Inserted 2 at (1,1)
Inserted 0 at (1,1)
Inserted 2 at (1,1)
Inserted 0 at (1,1)
]]></system-out>
  </testcase>
  <testcase name="changeFieldTest" classname="com.sudoku.SudokuBoardTest" time="0.001">
    <system-out><![CDATA[Inserted 1 at (0,0)
]]></system-out>
  </testcase>
  <testcase name="populateCorrectDifficultyTest" classname="com.sudoku.SudokuBoardTest" time="0.878">
    <failure message="expected: &lt;3&gt; but was: &lt;36&gt;" type="org.opentest4j.AssertionFailedError"><![CDATA[org.opentest4j.AssertionFailedError: expected: <3> but was: <36>
	at org.junit.jupiter.api.AssertionFailureBuilder.build(AssertionFailureBuilder.java:151)
	at org.junit.jupiter.api.AssertionFailureBuilder.buildAndThrow(AssertionFailureBuilder.java:132)
	at org.junit.jupiter.api.AssertEquals.failNotEqual(AssertEquals.java:197)
	at org.junit.jupiter.api.AssertEquals.assertEquals(AssertEquals.java:150)
	at org.junit.jupiter.api.AssertEquals.assertEquals(AssertEquals.java:145)
	at org.junit.jupiter.api.Assertions.assertEquals(Assertions.java:531)
	at com.sudoku.SudokuBoardTest.populateCorrectDifficultyTest(SudokuBoardTest.java:52)
	at java.base/java.lang.reflect.Method.invoke(Method.java:580)
	at java.base/java.util.ArrayList.forEach(ArrayList.java:1596)
	at java.base/java.util.ArrayList.forEach(ArrayList.java:1596)
]]></failure>
    <system-out><![CDATA[Inserted 4 at (0,0)
Inserted 2 at (1,0)
Inserted 3 at (2,0)
Inserted 1 at (0,1)
Inserted 8 at (1,1)
Inserted 5 at (2,1)
Inserted 7 at (0,2)
Inserted 9 at (1,2)
Inserted 6 at (2,2)
Inserted 9 at (3,3)
Inserted 5 at (4,3)
Inserted 4 at (5,3)
Inserted 3 at (3,4)
Inserted 8 at (4,4)
Inserted 1 at (5,4)
Inserted 6 at (3,5)
Inserted 7 at (4,5)
Inserted 2 at (5,5)
Inserted 5 at (6,6)
Inserted 3 at (7,6)
Inserted 2 at (8,6)
Inserted 9 at (6,7)
Inserted 1 at (7,7)
Inserted 6 at (8,7)
Inserted 7 at (6,8)
Inserted 4 at (7,8)
Inserted 8 at (8,8)

 [4][2][3] [0][0][0] [0][0][0]
 [1][8][5] [0][0][0] [0][0][0]
 [7][9][6] [0][0][0] [0][0][0]

 [0][0][0] [9][5][4] [0][0][0]
 [0][0][0] [3][8][1] [0][0][0]
 [0][0][0] [6][7][2] [0][0][0]

 [0][0][0] [0][0][0] [5][3][2]
 [0][0][0] [0][0][0] [9][1][6]
 [0][0][0] [0][0][0] [7][4][8]
Inserted 1 at (0,3)
Inserted 1 at (0,4)
Inserted 1 at (0,5)
Inserted 1 at (0,6)
Inserted 1 at (0,7)
Inserted 1 at (0,8)
Inserted 1 at (1,3)
Inserted 1 at (1,4)
Inserted 1 at (1,5)
Inserted 1 at (1,6)
Inserted 1 at (1,7)
Inserted 1 at (1,8)
Inserted 1 at (2,3)
Inserted 1 at (2,4)
Inserted 1 at (2,5)
Inserted 1 at (2,6)
Inserted 1 at (2,7)
Inserted 1 at (2,8)
Inserted 1 at (3,0)
Inserted 1 at (3,1)
Inserted 1 at (3,2)
Inserted 1 at (3,6)
Inserted 1 at (3,7)
Inserted 1 at (3,8)
Inserted 1 at (4,0)
Inserted 1 at (4,1)
Inserted 1 at (4,2)
Inserted 1 at (4,6)
Inserted 1 at (4,7)
Inserted 1 at (4,8)
Inserted 1 at (5,0)
Inserted 1 at (5,1)
Inserted 1 at (5,2)
Inserted 1 at (5,6)
Inserted 1 at (5,7)
Inserted 1 at (5,8)
Inserted 1 at (6,0)
Inserted 1 at (6,1)
Inserted 1 at (6,2)
Inserted 1 at (6,3)
Inserted 1 at (6,4)
Inserted 1 at (6,5)
Inserted 1 at (7,0)
Inserted 1 at (7,1)
Inserted 1 at (7,2)
Inserted 1 at (7,3)
Inserted 1 at (7,4)
Inserted 1 at (7,5)
Inserted 1 at (8,0)
Inserted 1 at (8,1)
Inserted 1 at (8,2)
Inserted 1 at (8,3)
Inserted 1 at (8,4)
Inserted 1 at (8,5)
Inserted 4 at (0,0)
Inserted 0 at (0,0)
Inserted 4 at (0,0)
Inserted 8 at (8,8)
Inserted 0 at (8,8)
Inserted 0 at (0,0)
Inserted 4 at (0,0)
Inserted 7 at (0,2)
Inserted 8 at (8,8)
Inserted 0 at (8,8)
Inserted 0 at (0,2)
Inserted 0 at (0,0)
Inserted 7 at (0,0)
Inserted 4 at (0,2)
Inserted 8 at (8,8)
Inserted 0 at (8,8)
Inserted 0 at (0,2)
Inserted 0 at (0,0)
Inserted 4 at (0,0)
Inserted 4 at (3,6)
Inserted 8 at (8,8)
Inserted 0 at (8,8)
Inserted 0 at (3,6)
Inserted 7 at (3,6)
Inserted 8 at (8,8)
Inserted 0 at (8,8)
Inserted 0 at (3,6)
Inserted 8 at (3,6)
Inserted 0 at (3,6)
Inserted 0 at (0,0)
Inserted 4 at (0,0)
Inserted 2 at (3,1)
Inserted 8 at (8,8)
Inserted 0 at (8,8)
Inserted 0 at (3,1)
Inserted 4 at (3,1)
Inserted 8 at (8,8)
Inserted 0 at (8,8)
Inserted 0 at (3,1)
Inserted 7 at (3,1)
Inserted 0 at (3,1)
Inserted 0 at (0,0)
Inserted 4 at (0,0)
Inserted 2 at (7,4)
Inserted 8 at (8,8)
Inserted 0 at (8,8)
Inserted 0 at (7,4)
Inserted 5 at (7,4)
Inserted 8 at (8,8)
Inserted 0 at (8,8)
Inserted 0 at (7,4)
Inserted 6 at (7,4)
Inserted 0 at (7,4)
Inserted 7 at (7,4)
Inserted 0 at (7,4)
Inserted 9 at (7,4)
Inserted 0 at (7,4)
Inserted 0 at (0,0)
Inserted 4 at (0,0)
Inserted 2 at (2,7)
Inserted 8 at (8,8)
Inserted 0 at (8,8)
Inserted 0 at (2,7)
Inserted 4 at (2,7)
Inserted 8 at (8,8)
Inserted 0 at (8,8)
Inserted 0 at (2,7)
Inserted 7 at (2,7)
Inserted 0 at (2,7)
Inserted 8 at (2,7)
Inserted 0 at (2,7)
Inserted 0 at (0,0)
Inserted 4 at (0,0)
Inserted 2 at (8,6)
Inserted 8 at (8,8)
Inserted 0 at (8,8)
Inserted 0 at (8,6)
Inserted 8 at (8,6)
Inserted 2 at (8,8)
Inserted 0 at (8,8)
Inserted 0 at (8,6)
Inserted 0 at (0,0)
Inserted 4 at (0,0)
Inserted 3 at (7,6)
Inserted 8 at (8,8)
Inserted 0 at (8,8)
Inserted 0 at (7,6)
Inserted 8 at (7,6)
Inserted 3 at (8,8)
Inserted 0 at (8,8)
Inserted 0 at (7,6)
Inserted 0 at (0,0)
Inserted 4 at (0,0)
Inserted 2 at (2,7)
Inserted 8 at (8,8)
Inserted 0 at (8,8)
Inserted 0 at (2,7)
Inserted 4 at (2,7)
Inserted 8 at (8,8)
Inserted 0 at (8,8)
Inserted 0 at (2,7)
Inserted 7 at (2,7)
Inserted 0 at (2,7)
Inserted 8 at (2,7)
Inserted 0 at (2,7)
Inserted 0 at (0,0)
Inserted 4 at (0,0)
Inserted 3 at (5,2)
Inserted 8 at (8,8)
Inserted 0 at (8,8)
Inserted 0 at (5,2)
Inserted 5 at (5,2)
Inserted 8 at (8,8)
Inserted 0 at (8,8)
Inserted 0 at (5,2)
Inserted 8 at (5,2)
Inserted 0 at (5,2)
Inserted 0 at (0,0)
Inserted 2 at (0,0)
Inserted 4 at (1,0)
Inserted 8 at (8,8)
Inserted 0 at (8,8)
Inserted 0 at (1,0)
Inserted 0 at (0,0)
Inserted 4 at (0,0)
Inserted 2 at (1,0)
Inserted 8 at (8,8)
Inserted 0 at (8,8)
Inserted 0 at (1,0)
Inserted 0 at (0,0)
Inserted 4 at (0,0)
Inserted 3 at (8,5)
Inserted 8 at (8,8)
Inserted 0 at (8,8)
Inserted 0 at (8,5)
Inserted 4 at (8,5)
Inserted 8 at (8,8)
Inserted 0 at (8,8)
Inserted 0 at (8,5)
Inserted 5 at (8,5)
Inserted 0 at (8,5)
Inserted 8 at (8,5)
Inserted 0 at (8,5)
Inserted 9 at (8,5)
Inserted 0 at (8,5)
Inserted 0 at (0,0)
Inserted 4 at (0,0)
Inserted 3 at (5,8)
Inserted 8 at (8,8)
Inserted 0 at (8,8)
Inserted 0 at (5,8)
Inserted 5 at (5,8)
Inserted 8 at (8,8)
Inserted 0 at (8,8)
Inserted 0 at (5,8)
Inserted 6 at (5,8)
Inserted 0 at (5,8)
Inserted 8 at (5,8)
Inserted 0 at (5,8)
Inserted 9 at (5,8)
Inserted 0 at (5,8)
Inserted 0 at (0,0)
Inserted 4 at (0,0)
Inserted 5 at (6,6)
Inserted 8 at (8,8)
Inserted 0 at (8,8)
Inserted 0 at (6,6)
Inserted 8 at (6,6)
Inserted 5 at (8,8)
Inserted 0 at (8,8)
Inserted 0 at (6,6)
Inserted 0 at (0,0)
Inserted 4 at (0,0)
Inserted 7 at (4,5)
Inserted 8 at (8,8)
Inserted 0 at (8,8)
Inserted 0 at (4,5)
Inserted 0 at (0,0)
Inserted 4 at (0,0)
Inserted 3 at (1,5)
Inserted 7 at (4,5)
Inserted 8 at (8,8)
Inserted 0 at (8,8)
Inserted 0 at (4,5)
Inserted 0 at (1,5)
Inserted 4 at (1,5)
Inserted 7 at (4,5)
Inserted 8 at (8,8)
Inserted 0 at (8,8)
Inserted 0 at (4,5)
Inserted 0 at (1,5)
Inserted 5 at (1,5)
Inserted 0 at (1,5)
Inserted 7 at (1,5)
Inserted 0 at (1,5)
Inserted 0 at (0,0)
Inserted 4 at (0,0)
Inserted 5 at (4,3)
Inserted 7 at (4,5)
Inserted 8 at (8,8)
Inserted 0 at (8,8)
Inserted 0 at (4,5)
Inserted 0 at (4,3)
Inserted 7 at (4,3)
Inserted 5 at (4,5)
Inserted 8 at (8,8)
Inserted 0 at (8,8)
Inserted 0 at (4,5)
Inserted 0 at (4,3)
Inserted 0 at (0,0)
Inserted 4 at (0,0)
Inserted 7 at (4,5)
Inserted 6 at (6,0)
Inserted 8 at (8,8)
Inserted 0 at (8,8)
Inserted 0 at (6,0)
Inserted 8 at (6,0)
Inserted 8 at (8,8)
Inserted 0 at (8,8)
Inserted 0 at (6,0)
Inserted 0 at (4,5)
Inserted 0 at (0,0)
Inserted 4 at (0,0)
Inserted 2 at (0,3)
Inserted 7 at (4,5)
Inserted 8 at (8,8)
Inserted 0 at (8,8)
Inserted 0 at (4,5)
Inserted 0 at (0,3)
Inserted 3 at (0,3)
Inserted 7 at (4,5)
Inserted 8 at (8,8)
Inserted 0 at (8,8)
Inserted 0 at (4,5)
Inserted 0 at (0,3)
Inserted 6 at (0,3)
Inserted 0 at (0,3)
Inserted 8 at (0,3)
Inserted 0 at (0,3)
Inserted 0 at (0,0)
Inserted 4 at (0,0)
Inserted 3 at (1,8)
Inserted 7 at (4,5)
Inserted 8 at (8,8)
Inserted 0 at (8,8)
Inserted 0 at (4,5)
Inserted 0 at (1,8)
Inserted 5 at (1,8)
Inserted 7 at (4,5)
Inserted 8 at (8,8)
Inserted 0 at (8,8)
Inserted 0 at (4,5)
Inserted 0 at (1,8)
Inserted 6 at (1,8)
Inserted 0 at (1,8)
Inserted 0 at (0,0)
Inserted 4 at (0,0)
Inserted 5 at (2,1)
Inserted 7 at (4,5)
Inserted 8 at (8,8)
Inserted 0 at (8,8)
Inserted 0 at (4,5)
Inserted 0 at (2,1)
Inserted 0 at (0,0)
Inserted 5 at (0,0)
Inserted 4 at (2,1)
Inserted 7 at (4,5)
Inserted 8 at (8,8)
Inserted 0 at (8,8)
Inserted 0 at (4,5)
Inserted 0 at (2,1)
Inserted 0 at (0,0)
Inserted 4 at (0,0)
Inserted 7 at (4,5)
Inserted 5 at (5,0)
Inserted 8 at (8,8)
Inserted 0 at (8,8)
Inserted 0 at (5,0)
Inserted 6 at (5,0)
Inserted 8 at (8,8)
Inserted 0 at (8,8)
Inserted 0 at (5,0)
Inserted 7 at (5,0)
Inserted 0 at (5,0)
Inserted 8 at (5,0)
Inserted 0 at (5,0)
Inserted 9 at (5,0)
Inserted 0 at (5,0)
Inserted 0 at (4,5)
Inserted 0 at (0,0)
Inserted 4 at (0,0)
Inserted 7 at (4,5)
Inserted 2 at (8,6)
Inserted 8 at (8,8)
Inserted 0 at (8,8)
Inserted 0 at (8,6)
Inserted 8 at (8,6)
Inserted 2 at (8,8)
Inserted 0 at (8,8)
Inserted 0 at (8,6)
Inserted 0 at (4,5)
Inserted 0 at (0,0)
Inserted 4 at (0,0)
Inserted 7 at (4,5)
Inserted 3 at (8,3)
Inserted 8 at (8,8)
Inserted 0 at (8,8)
Inserted 0 at (8,3)
Inserted 7 at (8,3)
Inserted 8 at (8,8)
Inserted 0 at (8,8)
Inserted 0 at (8,3)
Inserted 8 at (8,3)
Inserted 0 at (8,3)
Inserted 0 at (4,5)
Inserted 0 at (0,0)
Inserted 4 at (0,0)
Inserted 7 at (4,5)
Inserted 4 at (4,6)
Inserted 8 at (8,8)
Inserted 0 at (8,8)
Inserted 0 at (4,6)
Inserted 6 at (4,6)
Inserted 8 at (8,8)
Inserted 0 at (8,8)
Inserted 0 at (4,6)
Inserted 9 at (4,6)
Inserted 0 at (4,6)
Inserted 0 at (4,5)
Inserted 0 at (0,0)
Inserted 4 at (0,0)
Inserted 5 at (2,1)
Inserted 7 at (4,5)
Inserted 8 at (8,8)
Inserted 0 at (8,8)
Inserted 0 at (4,5)
Inserted 0 at (2,1)
Inserted 0 at (0,0)
Inserted 5 at (0,0)
Inserted 4 at (2,1)
Inserted 7 at (4,5)
Inserted 8 at (8,8)
Inserted 0 at (8,8)
Inserted 0 at (4,5)
Inserted 0 at (2,1)
Inserted 0 at (0,0)
Inserted 4 at (0,0)
Inserted 7 at (4,5)
Inserted 3 at (8,3)
Inserted 8 at (8,8)
Inserted 0 at (8,8)
Inserted 0 at (8,3)
Inserted 7 at (8,3)
Inserted 8 at (8,8)
Inserted 0 at (8,8)
Inserted 0 at (8,3)
Inserted 8 at (8,3)
Inserted 0 at (8,3)
Inserted 0 at (4,5)
Inserted 0 at (0,0)
Inserted 4 at (0,0)
Inserted 7 at (4,5)
Inserted 2 at (6,2)
Inserted 8 at (8,8)
Inserted 0 at (8,8)
Inserted 0 at (6,2)
Inserted 3 at (6,2)
Inserted 8 at (8,8)
Inserted 0 at (8,8)
Inserted 0 at (6,2)
Inserted 4 at (6,2)
Inserted 0 at (6,2)
Inserted 8 at (6,2)
Inserted 0 at (6,2)
Inserted 0 at (4,5)
Inserted 0 at (0,0)
Inserted 4 at (0,0)
Inserted 7 at (4,5)
Inserted 3 at (8,2)
Inserted 8 at (8,8)
Inserted 0 at (8,8)
Inserted 0 at (8,2)
Inserted 4 at (8,2)
Inserted 8 at (8,8)
Inserted 0 at (8,8)
Inserted 0 at (8,2)
Inserted 5 at (8,2)
Inserted 0 at (8,2)
Inserted 8 at (8,2)
Inserted 0 at (8,2)
Inserted 0 at (4,5)
Inserted 0 at (0,0)
Inserted 4 at (0,0)
Inserted 7 at (4,5)
Inserted 3 at (8,5)
Inserted 8 at (8,8)
Inserted 0 at (8,8)
Inserted 0 at (8,5)
Inserted 4 at (8,5)
Inserted 8 at (8,8)
Inserted 0 at (8,8)
Inserted 0 at (8,5)
Inserted 5 at (8,5)
Inserted 0 at (8,5)
Inserted 8 at (8,5)
Inserted 0 at (8,5)
Inserted 9 at (8,5)
Inserted 0 at (8,5)
Inserted 0 at (4,5)
Inserted 0 at (0,0)
Inserted 4 at (0,0)
Inserted 9 at (1,2)
Inserted 7 at (4,5)
Inserted 8 at (8,8)
Inserted 0 at (8,8)
Inserted 0 at (4,5)
Inserted 0 at (1,2)
Inserted 0 at (0,0)
Inserted 9 at (0,0)
Inserted 4 at (1,2)
Inserted 7 at (4,5)
Inserted 8 at (8,8)
Inserted 0 at (8,8)
Inserted 0 at (4,5)
Inserted 0 at (1,2)
Inserted 0 at (0,0)
Inserted 4 at (0,0)
Inserted 5 at (2,1)
Inserted 7 at (4,5)
Inserted 8 at (8,8)
Inserted 0 at (8,8)
Inserted 0 at (4,5)
Inserted 0 at (2,1)
Inserted 0 at (0,0)
Inserted 5 at (0,0)
Inserted 4 at (2,1)
Inserted 7 at (4,5)
Inserted 8 at (8,8)
Inserted 0 at (8,8)
Inserted 0 at (4,5)
Inserted 0 at (2,1)
Inserted 0 at (0,0)
Inserted 4 at (0,0)
Inserted 2 at (4,5)
Inserted 7 at (5,5)
Inserted 8 at (8,8)
Inserted 0 at (8,8)
Inserted 0 at (5,5)
Inserted 0 at (4,5)
Inserted 7 at (4,5)
Inserted 2 at (5,5)
Inserted 8 at (8,8)
Inserted 0 at (8,8)
Inserted 0 at (5,5)
Inserted 0 at (4,5)
Inserted 0 at (0,0)
Inserted 4 at (0,0)
Inserted 2 at (2,3)
Inserted 7 at (4,5)
Inserted 8 at (8,8)
Inserted 0 at (8,8)
Inserted 0 at (4,5)
Inserted 0 at (2,3)
Inserted 7 at (2,3)
Inserted 7 at (4,5)
Inserted 8 at (8,8)
Inserted 0 at (8,8)
Inserted 0 at (4,5)
Inserted 0 at (2,3)
Inserted 8 at (2,3)
Inserted 0 at (2,3)
Inserted 0 at (0,0)
Inserted 4 at (0,0)
Inserted 4 at (3,6)
Inserted 7 at (4,5)
Inserted 8 at (8,8)
Inserted 0 at (8,8)
Inserted 0 at (4,5)
Inserted 0 at (3,6)
Inserted 7 at (3,6)
Inserted 7 at (4,5)
Inserted 8 at (8,8)
Inserted 0 at (8,8)
Inserted 0 at (4,5)
Inserted 0 at (3,6)
Inserted 8 at (3,6)
Inserted 0 at (3,6)
Inserted 0 at (0,0)
Inserted 3 at (0,0)
Inserted 4 at (2,0)
Inserted 7 at (4,5)
Inserted 8 at (8,8)
Inserted 0 at (8,8)
Inserted 0 at (4,5)
Inserted 0 at (2,0)
Inserted 0 at (0,0)
Inserted 4 at (0,0)
Inserted 3 at (2,0)
Inserted 7 at (4,5)
Inserted 8 at (8,8)
Inserted 0 at (8,8)
Inserted 0 at (4,5)
Inserted 0 at (2,0)
Inserted 0 at (0,0)
Inserted 4 at (0,0)
Inserted 2 at (0,4)
Inserted 7 at (4,5)
Inserted 8 at (8,8)
Inserted 0 at (8,8)
Inserted 0 at (4,5)
Inserted 0 at (0,4)
Inserted 5 at (0,4)
Inserted 7 at (4,5)
Inserted 8 at (8,8)
Inserted 0 at (8,8)
Inserted 0 at (4,5)
Inserted 0 at (0,4)
Inserted 6 at (0,4)
Inserted 0 at (0,4)
Inserted 9 at (0,4)
Inserted 0 at (0,4)
Inserted 0 at (0,0)
Inserted 2 at (0,0)
Inserted 4 at (1,0)
Inserted 7 at (4,5)
Inserted 8 at (8,8)
Inserted 0 at (8,8)
Inserted 0 at (4,5)
Inserted 0 at (1,0)
Inserted 0 at (0,0)
Inserted 4 at (0,0)
Inserted 2 at (1,0)
Inserted 7 at (4,5)
Inserted 8 at (8,8)
Inserted 0 at (8,8)
Inserted 0 at (4,5)
Inserted 0 at (1,0)
Inserted 0 at (0,0)
Inserted 4 at (0,0)
Inserted 4 at (2,5)
Inserted 7 at (4,5)
Inserted 8 at (8,8)
Inserted 0 at (8,8)
Inserted 0 at (4,5)
Inserted 0 at (2,5)
Inserted 7 at (2,5)
Inserted 0 at (2,5)
Inserted 8 at (2,5)
Inserted 7 at (4,5)
Inserted 8 at (8,8)
Inserted 0 at (8,8)
Inserted 0 at (4,5)
Inserted 0 at (2,5)
Inserted 9 at (2,5)
Inserted 0 at (2,5)
Inserted 0 at (0,0)
Inserted 4 at (0,0)
Inserted 8 at (1,1)
Inserted 7 at (4,5)
Inserted 8 at (8,8)
Inserted 0 at (8,8)
Inserted 0 at (4,5)
Inserted 0 at (1,1)
Inserted 0 at (0,0)
Inserted 8 at (0,0)
Inserted 4 at (1,1)
Inserted 7 at (4,5)
Inserted 8 at (8,8)
Inserted 0 at (8,8)
Inserted 0 at (4,5)
Inserted 0 at (1,1)
Inserted 0 at (0,0)
Inserted 4 at (0,0)
Inserted 7 at (0,2)
Inserted 7 at (4,5)
Inserted 8 at (8,8)
Inserted 0 at (8,8)
Inserted 0 at (4,5)
Inserted 0 at (0,2)
Inserted 0 at (0,0)
Inserted 7 at (0,0)
Inserted 4 at (0,2)
Inserted 7 at (4,5)
Inserted 8 at (8,8)
Inserted 0 at (8,8)
Inserted 0 at (4,5)
Inserted 0 at (0,2)
Inserted 0 at (0,0)
Inserted 4 at (0,0)
Inserted 7 at (4,5)
Inserted 4 at (4,6)
Inserted 8 at (8,8)
Inserted 0 at (8,8)
Inserted 0 at (4,6)
Inserted 6 at (4,6)
Inserted 8 at (8,8)
Inserted 0 at (8,8)
Inserted 0 at (4,6)
Inserted 9 at (4,6)
Inserted 0 at (4,6)
Inserted 0 at (4,5)
Inserted 0 at (0,0)
Inserted 4 at (0,0)
Inserted 3 at (1,5)
Inserted 7 at (4,5)
Inserted 8 at (8,8)
Inserted 0 at (8,8)
Inserted 0 at (4,5)
Inserted 0 at (1,5)
Inserted 4 at (1,5)
Inserted 7 at (4,5)
Inserted 8 at (8,8)
Inserted 0 at (8,8)
Inserted 0 at (4,5)
Inserted 0 at (1,5)
Inserted 5 at (1,5)
Inserted 0 at (1,5)
Inserted 7 at (1,5)
Inserted 0 at (1,5)
Inserted 0 at (0,0)
Inserted 4 at (0,0)
Inserted 9 at (1,2)
Inserted 7 at (4,5)
Inserted 8 at (8,8)
Inserted 0 at (8,8)
Inserted 0 at (4,5)
Inserted 0 at (1,2)
Inserted 0 at (0,0)
Inserted 9 at (0,0)
Inserted 4 at (1,2)
Inserted 7 at (4,5)
Inserted 8 at (8,8)
Inserted 0 at (8,8)
Inserted 0 at (4,5)
Inserted 0 at (1,2)
Inserted 0 at (0,0)
Inserted 4 at (0,0)
Inserted 7 at (4,5)
Inserted 2 at (4,7)
Inserted 8 at (8,8)
Inserted 0 at (8,8)
Inserted 0 at (4,7)
Inserted 3 at (4,7)
Inserted 8 at (8,8)
Inserted 0 at (8,8)
Inserted 0 at (4,7)
Inserted 4 at (4,7)
Inserted 0 at (4,7)
Inserted 0 at (4,5)
Inserted 0 at (0,0)
Inserted 4 at (0,0)
Inserted 7 at (4,5)
Inserted 2 at (4,8)
Inserted 8 at (8,8)
Inserted 0 at (8,8)
Inserted 0 at (4,8)
Inserted 3 at (4,8)
Inserted 8 at (8,8)
Inserted 0 at (8,8)
Inserted 0 at (4,8)
Inserted 6 at (4,8)
Inserted 0 at (4,8)
Inserted 9 at (4,8)
Inserted 0 at (4,8)
Inserted 0 at (4,5)
Inserted 0 at (0,0)
Inserted 4 at (0,0)
Inserted 7 at (4,5)
Inserted 3 at (8,1)
Inserted 8 at (8,8)
Inserted 0 at (8,8)
Inserted 0 at (8,1)
Inserted 4 at (8,1)
Inserted 8 at (8,8)
Inserted 0 at (8,8)
Inserted 0 at (8,1)
Inserted 7 at (8,1)
Inserted 0 at (8,1)
Inserted 9 at (8,1)
Inserted 0 at (8,1)
Inserted 0 at (4,5)
Inserted 0 at (0,0)
Inserted 4 at (0,0)
Inserted 7 at (4,5)
Inserted 6 at (5,6)
Inserted 8 at (8,8)
Inserted 0 at (8,8)
Inserted 0 at (5,6)
Inserted 7 at (5,6)
Inserted 8 at (8,8)
Inserted 0 at (8,8)
Inserted 0 at (5,6)
Inserted 8 at (5,6)
Inserted 0 at (5,6)
Inserted 9 at (5,6)
Inserted 0 at (5,6)
Inserted 0 at (4,5)
Inserted 0 at (0,0)
Inserted 4 at (0,0)
Inserted 2 at (3,2)
Inserted 7 at (4,5)
Inserted 8 at (8,8)
Inserted 0 at (8,8)
Inserted 0 at (4,5)
Inserted 0 at (3,2)
Inserted 4 at (3,2)
Inserted 7 at (4,5)
Inserted 8 at (8,8)
Inserted 0 at (8,8)
Inserted 0 at (4,5)
Inserted 0 at (3,2)
Inserted 5 at (3,2)
Inserted 0 at (3,2)
Inserted 8 at (3,2)
Inserted 0 at (3,2)
Inserted 0 at (0,0)
Inserted 4 at (0,0)
Inserted 3 at (1,5)
Inserted 7 at (4,5)
Inserted 8 at (8,8)
Inserted 0 at (8,8)
Inserted 0 at (4,5)
Inserted 0 at (1,5)
Inserted 4 at (1,5)
Inserted 7 at (4,5)
Inserted 8 at (8,8)
Inserted 0 at (8,8)
Inserted 0 at (4,5)
Inserted 0 at (1,5)
Inserted 5 at (1,5)
Inserted 0 at (1,5)
Inserted 7 at (1,5)
Inserted 0 at (1,5)
Inserted 0 at (0,0)
Inserted 4 at (0,0)
Inserted 7 at (4,5)
Inserted 6 at (8,7)
Inserted 8 at (8,8)
Inserted 0 at (8,8)
Inserted 0 at (8,7)
Inserted 8 at (8,7)
Inserted 6 at (8,8)
Inserted 0 at (8,8)
Inserted 0 at (8,7)
Inserted 0 at (4,5)
Inserted 0 at (0,0)
Inserted 4 at (0,0)
Inserted 7 at (4,4)
Inserted 8 at (4,5)
Inserted 8 at (8,8)
Inserted 0 at (8,8)
Inserted 0 at (4,5)
Inserted 0 at (4,4)
Inserted 8 at (4,4)
Inserted 7 at (4,5)
Inserted 8 at (8,8)
Inserted 0 at (8,8)
Inserted 0 at (4,5)
Inserted 0 at (4,4)
Inserted 0 at (0,0)
Inserted 4 at (0,0)
Inserted 7 at (4,5)
Inserted 7 at (6,8)
Inserted 8 at (8,8)
Inserted 0 at (8,8)
Inserted 0 at (6,8)
Inserted 8 at (6,8)
Inserted 7 at (8,8)
Inserted 0 at (8,8)
Inserted 0 at (6,8)
Inserted 0 at (4,5)
Inserted 0 at (0,0)
Inserted 4 at (0,0)
Inserted 2 at (2,4)
Inserted 7 at (4,5)
Inserted 8 at (8,8)
Inserted 0 at (8,8)
Inserted 0 at (4,5)
Inserted 0 at (2,4)
Inserted 4 at (2,4)
Inserted 7 at (4,5)
Inserted 8 at (8,8)
Inserted 0 at (8,8)
Inserted 0 at (4,5)
Inserted 0 at (2,4)
Inserted 7 at (2,4)
Inserted 0 at (2,4)
Inserted 9 at (2,4)
Inserted 0 at (2,4)
Inserted 0 at (0,0)
Inserted 4 at (0,0)
Inserted 2 at (4,2)
Inserted 7 at (4,5)
Inserted 8 at (8,8)
Inserted 0 at (8,8)
Inserted 0 at (4,5)
Inserted 0 at (4,2)
Inserted 3 at (4,2)
Inserted 7 at (4,5)
Inserted 8 at (8,8)
Inserted 0 at (8,8)
Inserted 0 at (4,5)
Inserted 0 at (4,2)
Inserted 4 at (4,2)
Inserted 0 at (4,2)
Inserted 0 at (0,0)
Inserted 4 at (0,0)
Inserted 7 at (4,5)
Inserted 2 at (7,3)
Inserted 8 at (8,8)
Inserted 0 at (8,8)
Inserted 0 at (7,3)
Inserted 6 at (7,3)
Inserted 8 at (8,8)
Inserted 0 at (8,8)
Inserted 0 at (7,3)
Inserted 7 at (7,3)
Inserted 0 at (7,3)
Inserted 8 at (7,3)
Inserted 0 at (7,3)
Inserted 0 at (4,5)
Inserted 0 at (0,0)
Inserted 4 at (0,0)
Inserted 7 at (4,5)
Inserted 2 at (7,4)
Inserted 8 at (8,8)
Inserted 0 at (8,8)
Inserted 0 at (7,4)
Inserted 5 at (7,4)
Inserted 8 at (8,8)
Inserted 0 at (8,8)
Inserted 0 at (7,4)
Inserted 6 at (7,4)
Inserted 0 at (7,4)
Inserted 7 at (7,4)
Inserted 0 at (7,4)
Inserted 9 at (7,4)
Inserted 0 at (7,4)
Inserted 0 at (4,5)
Inserted 0 at (0,0)
Inserted 4 at (0,0)
Inserted 0 at (0,0)
Inserted 4 at (0,0)
Inserted 5 at (4,3)
Inserted 7 at (4,5)
Inserted 8 at (8,8)
Inserted 0 at (8,8)
Inserted 0 at (4,5)
Inserted 0 at (4,3)
Inserted 7 at (4,3)
Inserted 5 at (4,5)
Inserted 8 at (8,8)
Inserted 0 at (8,8)
Inserted 0 at (4,5)
Inserted 0 at (4,3)
Inserted 0 at (0,0)
Inserted 4 at (0,0)
Inserted 2 at (0,7)
Inserted 7 at (4,5)
Inserted 8 at (8,8)
Inserted 0 at (8,8)
Inserted 0 at (4,5)
Inserted 0 at (0,7)
Inserted 3 at (0,7)
Inserted 7 at (4,5)
Inserted 8 at (8,8)
Inserted 0 at (8,8)
Inserted 0 at (4,5)
Inserted 0 at (0,7)
Inserted 5 at (0,7)
Inserted 0 at (0,7)
Inserted 8 at (0,7)
Inserted 0 at (0,7)
Inserted 0 at (0,0)
Inserted 4 at (0,0)
Inserted 7 at (4,5)
Inserted 6 at (8,7)
Inserted 8 at (8,8)
Inserted 0 at (8,8)
Inserted 0 at (8,7)
Inserted 8 at (8,7)
Inserted 6 at (8,8)
Inserted 0 at (8,8)
Inserted 0 at (8,7)
Inserted 0 at (4,5)
Inserted 0 at (0,0)
Inserted 4 at (0,0)
Inserted 7 at (4,5)
Inserted 0 at (4,5)
Inserted 0 at (0,0)
Inserted 2 at (0,0)
Inserted 4 at (1,0)
Inserted 7 at (4,5)
Inserted 8 at (8,8)
Inserted 0 at (8,8)
Inserted 0 at (4,5)
Inserted 0 at (1,0)
Inserted 0 at (0,0)
Inserted 4 at (0,0)
Inserted 2 at (1,0)
Inserted 7 at (4,5)
Inserted 8 at (8,8)
Inserted 0 at (8,8)
Inserted 0 at (4,5)
Inserted 0 at (1,0)
Inserted 0 at (0,0)
Inserted 4 at (0,0)
Inserted 2 at (3,7)
Inserted 7 at (4,5)
Inserted 8 at (8,8)
Inserted 0 at (8,8)
Inserted 0 at (4,5)
Inserted 0 at (3,7)
Inserted 4 at (3,7)
Inserted 7 at (4,5)
Inserted 8 at (8,8)
Inserted 0 at (8,8)
Inserted 0 at (4,5)
Inserted 0 at (3,7)
Inserted 5 at (3,7)
Inserted 0 at (3,7)
Inserted 7 at (3,7)
Inserted 0 at (3,7)
Inserted 8 at (3,7)
Inserted 0 at (3,7)
Inserted 0 at (0,0)
Inserted 4 at (0,0)
Inserted 7 at (4,5)
Inserted 3 at (7,6)
Inserted 8 at (8,8)
Inserted 0 at (8,8)
Inserted 0 at (7,6)
Inserted 8 at (7,6)
Inserted 3 at (8,8)
Inserted 0 at (8,8)
Inserted 0 at (7,6)
Inserted 0 at (4,5)
Inserted 0 at (0,0)
Inserted 4 at (0,0)
Inserted 2 at (0,3)
Inserted 7 at (4,5)
Inserted 8 at (8,8)
Inserted 0 at (8,8)
Inserted 0 at (4,5)
Inserted 0 at (0,3)
Inserted 3 at (0,3)
Inserted 7 at (4,5)
Inserted 8 at (8,8)
Inserted 0 at (8,8)
Inserted 0 at (4,5)
Inserted 0 at (0,3)
Inserted 6 at (0,3)
Inserted 0 at (0,3)
Inserted 8 at (0,3)
Inserted 0 at (0,3)
Inserted 0 at (0,0)
Inserted 4 at (0,0)
Inserted 6 at (4,0)
Inserted 7 at (4,5)
Inserted 8 at (8,8)
Inserted 0 at (8,8)
Inserted 0 at (4,5)
Inserted 0 at (4,0)
Inserted 7 at (4,0)
Inserted 0 at (4,0)
Inserted 9 at (4,0)
Inserted 7 at (4,5)
Inserted 8 at (8,8)
Inserted 0 at (8,8)
Inserted 0 at (4,5)
Inserted 0 at (4,0)
Inserted 0 at (0,0)
Inserted 4 at (0,0)
Inserted 7 at (4,5)
Inserted 2 at (8,6)
Inserted 8 at (8,8)
Inserted 0 at (8,8)
Inserted 0 at (8,6)
Inserted 8 at (8,6)
Inserted 2 at (8,8)
Inserted 0 at (8,8)
Inserted 0 at (8,6)
Inserted 0 at (4,5)
Inserted 0 at (0,0)
Inserted 4 at (0,0)
Inserted 7 at (4,5)
Inserted 5 at (7,5)
Inserted 8 at (8,8)
Inserted 0 at (8,8)
Inserted 0 at (7,5)
Inserted 8 at (7,5)
Inserted 8 at (8,8)
Inserted 0 at (8,8)
Inserted 0 at (7,5)
Inserted 9 at (7,5)
Inserted 0 at (7,5)
Inserted 0 at (4,5)
Inserted 0 at (0,0)
Inserted 4 at (0,0)
Inserted 0 at (0,0)
Inserted 4 at (0,0)
Inserted 5 at (2,1)
Inserted 7 at (4,5)
Inserted 8 at (8,8)
Inserted 0 at (8,8)
Inserted 0 at (4,5)
Inserted 0 at (2,1)
Inserted 0 at (0,0)
Inserted 5 at (0,0)
Inserted 4 at (2,1)
Inserted 7 at (4,5)
Inserted 8 at (8,8)
Inserted 0 at (8,8)
Inserted 0 at (4,5)
Inserted 0 at (2,1)
Inserted 0 at (0,0)
Inserted 4 at (0,0)
Inserted 7 at (4,5)
Inserted 5 at (6,6)
Inserted 8 at (8,8)
Inserted 0 at (8,8)
Inserted 0 at (6,6)
Inserted 8 at (6,6)
Inserted 5 at (8,8)
Inserted 0 at (8,8)
Inserted 0 at (6,6)
Inserted 0 at (4,5)
Inserted 0 at (0,0)
Inserted 4 at (0,0)
Inserted 3 at (1,5)
Inserted 7 at (4,5)
Inserted 8 at (8,8)
Inserted 0 at (8,8)
Inserted 0 at (4,5)
Inserted 0 at (1,5)
Inserted 4 at (1,5)
Inserted 7 at (4,5)
Inserted 8 at (8,8)
Inserted 0 at (8,8)
Inserted 0 at (4,5)
Inserted 0 at (1,5)
Inserted 5 at (1,5)
Inserted 0 at (1,5)
Inserted 7 at (1,5)
Inserted 0 at (1,5)
Inserted 0 at (0,0)
Inserted 4 at (0,0)
Inserted 3 at (3,4)
Inserted 7 at (4,5)
Inserted 8 at (8,8)
Inserted 0 at (8,8)
Inserted 0 at (4,5)
Inserted 0 at (3,4)
Inserted 7 at (3,4)
Inserted 3 at (4,5)
Inserted 8 at (8,8)
Inserted 0 at (8,8)
Inserted 0 at (4,5)
Inserted 0 at (3,4)
Inserted 0 at (0,0)
Inserted 4 at (0,0)
Inserted 7 at (4,5)
Inserted 4 at (7,8)
Inserted 8 at (8,8)
Inserted 0 at (8,8)
Inserted 0 at (7,8)
Inserted 8 at (7,8)
Inserted 4 at (8,8)
Inserted 0 at (8,8)
Inserted 0 at (7,8)
Inserted 0 at (4,5)
Inserted 0 at (0,0)
Inserted 4 at (0,0)
Inserted 3 at (1,3)
Inserted 7 at (4,5)
Inserted 8 at (8,8)
Inserted 0 at (8,8)
Inserted 0 at (4,5)
Inserted 0 at (1,3)
Inserted 6 at (1,3)
Inserted 7 at (4,5)
Inserted 8 at (8,8)
Inserted 0 at (8,8)
Inserted 0 at (4,5)
Inserted 0 at (1,3)
Inserted 7 at (1,3)
Inserted 0 at (1,3)
Inserted 0 at (0,0)
Inserted 4 at (0,0)
Inserted 7 at (4,5)
Inserted 2 at (7,3)
Inserted 8 at (8,8)
Inserted 0 at (8,8)
Inserted 0 at (7,3)
Inserted 6 at (7,3)
Inserted 8 at (8,8)
Inserted 0 at (8,8)
Inserted 0 at (7,3)
Inserted 7 at (7,3)
Inserted 0 at (7,3)
Inserted 8 at (7,3)
Inserted 0 at (7,3)
Inserted 0 at (4,5)
Inserted 0 at (0,0)
Inserted 4 at (0,0)
Inserted 7 at (4,5)
Inserted 3 at (5,8)
Inserted 8 at (8,8)
Inserted 0 at (8,8)
Inserted 0 at (5,8)
Inserted 5 at (5,8)
Inserted 8 at (8,8)
Inserted 0 at (8,8)
Inserted 0 at (5,8)
Inserted 6 at (5,8)
Inserted 0 at (5,8)
Inserted 8 at (5,8)
Inserted 0 at (5,8)
Inserted 9 at (5,8)
Inserted 0 at (5,8)
Inserted 0 at (4,5)
Inserted 0 at (0,0)
Inserted 4 at (0,0)
Inserted 4 at (3,6)
Inserted 7 at (4,5)
Inserted 8 at (8,8)
Inserted 0 at (8,8)
Inserted 0 at (4,5)
Inserted 0 at (3,6)
Inserted 7 at (3,6)
Inserted 7 at (4,5)
Inserted 8 at (8,8)
Inserted 0 at (8,8)
Inserted 0 at (4,5)
Inserted 0 at (3,6)
Inserted 8 at (3,6)
Inserted 0 at (3,6)
Inserted 0 at (0,0)
Inserted 4 at (0,0)
Inserted 2 at (0,7)
Inserted 7 at (4,5)
Inserted 8 at (8,8)
Inserted 0 at (8,8)
Inserted 0 at (4,5)
Inserted 0 at (0,7)
Inserted 3 at (0,7)
Inserted 7 at (4,5)
Inserted 8 at (8,8)
Inserted 0 at (8,8)
Inserted 0 at (4,5)
Inserted 0 at (0,7)
Inserted 5 at (0,7)
Inserted 0 at (0,7)
Inserted 8 at (0,7)
Inserted 0 at (0,7)
Inserted 0 at (0,0)
Inserted 4 at (0,0)
Inserted 0 at (0,0)
Inserted 4 at (0,0)
Inserted 7 at (4,5)
Inserted 3 at (5,8)
Inserted 8 at (8,8)
Inserted 0 at (8,8)
Inserted 0 at (5,8)
Inserted 5 at (5,8)
Inserted 8 at (8,8)
Inserted 0 at (8,8)
Inserted 0 at (5,8)
Inserted 6 at (5,8)
Inserted 0 at (5,8)
Inserted 8 at (5,8)
Inserted 0 at (5,8)
Inserted 9 at (5,8)
Inserted 0 at (5,8)
Inserted 0 at (4,5)
Inserted 0 at (0,0)
Inserted 4 at (0,0)
Inserted 3 at (3,4)
Inserted 7 at (4,5)
Inserted 8 at (8,8)
Inserted 0 at (8,8)
Inserted 0 at (4,5)
Inserted 0 at (3,4)
Inserted 7 at (3,4)
Inserted 3 at (4,5)
Inserted 8 at (8,8)
Inserted 0 at (8,8)
Inserted 0 at (4,5)
Inserted 0 at (3,4)
Inserted 0 at (0,0)
Inserted 4 at (0,0)
Inserted 5 at (2,1)
Inserted 7 at (4,5)
Inserted 8 at (8,8)
Inserted 0 at (8,8)
Inserted 0 at (4,5)
Inserted 0 at (2,1)
Inserted 0 at (0,0)
Inserted 5 at (0,0)
Inserted 4 at (2,1)
Inserted 7 at (4,5)
Inserted 8 at (8,8)
Inserted 0 at (8,8)
Inserted 0 at (4,5)
Inserted 0 at (2,1)
Inserted 0 at (0,0)
Inserted 4 at (0,0)
Inserted 7 at (4,5)
Inserted 5 at (5,0)
Inserted 8 at (8,8)
Inserted 0 at (8,8)
Inserted 0 at (5,0)
Inserted 6 at (5,0)
Inserted 8 at (8,8)
Inserted 0 at (8,8)
Inserted 0 at (5,0)
Inserted 7 at (5,0)
Inserted 0 at (5,0)
Inserted 8 at (5,0)
Inserted 0 at (5,0)
Inserted 9 at (5,0)
Inserted 0 at (5,0)
Inserted 0 at (4,5)
Inserted 0 at (0,0)
Inserted 4 at (0,0)
Inserted 7 at (4,5)
Inserted 2 at (7,1)
Inserted 8 at (8,8)
Inserted 0 at (8,8)
Inserted 0 at (7,1)
Inserted 6 at (7,1)
Inserted 8 at (8,8)
Inserted 0 at (8,8)
Inserted 0 at (7,1)
Inserted 7 at (7,1)
Inserted 0 at (7,1)
Inserted 9 at (7,1)
Inserted 0 at (7,1)
Inserted 0 at (4,5)
Inserted 0 at (0,0)
Inserted 4 at (0,0)
Inserted 7 at (4,5)
Inserted 8 at (6,7)
Inserted 9 at (8,8)
Inserted 0 at (8,8)
Inserted 0 at (6,7)
Inserted 9 at (6,7)
Inserted 8 at (8,8)
Inserted 0 at (8,8)
Inserted 0 at (6,7)
Inserted 0 at (4,5)
Inserted 0 at (0,0)
Inserted 4 at (0,0)
Inserted 7 at (4,5)
Inserted 3 at (8,2)
Inserted 8 at (8,8)
Inserted 0 at (8,8)
Inserted 0 at (8,2)
Inserted 4 at (8,2)
Inserted 8 at (8,8)
Inserted 0 at (8,8)
Inserted 0 at (8,2)
Inserted 5 at (8,2)
Inserted 0 at (8,2)
Inserted 8 at (8,2)
Inserted 0 at (8,2)
Inserted 0 at (4,5)
Inserted 0 at (0,0)
Inserted 4 at (0,0)
Inserted 7 at (4,5)
Inserted 2 at (4,7)
Inserted 8 at (8,8)
Inserted 0 at (8,8)
Inserted 0 at (4,7)
Inserted 3 at (4,7)
Inserted 8 at (8,8)
Inserted 0 at (8,8)
Inserted 0 at (4,7)
Inserted 4 at (4,7)
Inserted 0 at (4,7)
Inserted 0 at (4,5)
Inserted 0 at (0,0)
Inserted 4 at (0,0)
Inserted 4 at (2,6)
Inserted 7 at (4,5)
Inserted 8 at (8,8)
Inserted 0 at (8,8)
Inserted 0 at (4,5)
Inserted 0 at (2,6)
Inserted 7 at (2,6)
Inserted 7 at (4,5)
Inserted 8 at (8,8)
Inserted 0 at (8,8)
Inserted 0 at (4,5)
Inserted 0 at (2,6)
Inserted 8 at (2,6)
Inserted 0 at (2,6)
Inserted 9 at (2,6)
Inserted 0 at (2,6)
Inserted 0 at (0,0)
Inserted 4 at (0,0)
Inserted 7 at (4,5)
Inserted 3 at (5,2)
Inserted 8 at (8,8)
Inserted 0 at (8,8)
Inserted 0 at (5,2)
Inserted 5 at (5,2)
Inserted 8 at (8,8)
Inserted 0 at (8,8)
Inserted 0 at (5,2)
Inserted 8 at (5,2)
Inserted 0 at (5,2)
Inserted 0 at (4,5)
Inserted 0 at (0,0)
Inserted 4 at (0,0)
Inserted 7 at (4,5)
Inserted 3 at (6,5)
Inserted 8 at (8,8)
Inserted 0 at (8,8)
Inserted 0 at (6,5)
Inserted 4 at (6,5)
Inserted 8 at (8,8)
Inserted 0 at (8,8)
Inserted 0 at (6,5)
Inserted 8 at (6,5)
Inserted 0 at (6,5)
Inserted 0 at (4,5)
Inserted 0 at (0,0)
Inserted 4 at (0,0)
Inserted 2 at (2,7)
Inserted 7 at (4,5)
Inserted 8 at (8,8)
Inserted 0 at (8,8)
Inserted 0 at (4,5)
Inserted 0 at (2,7)
Inserted 4 at (2,7)
Inserted 7 at (4,5)
Inserted 8 at (8,8)
Inserted 0 at (8,8)
Inserted 0 at (4,5)
Inserted 0 at (2,7)
Inserted 7 at (2,7)
Inserted 0 at (2,7)
Inserted 8 at (2,7)
Inserted 0 at (2,7)
Inserted 0 at (0,0)
Inserted 4 at (0,0)
Inserted 6 at (4,0)
Inserted 7 at (4,5)
Inserted 8 at (8,8)
Inserted 0 at (8,8)
Inserted 0 at (4,5)
Inserted 0 at (4,0)
Inserted 7 at (4,0)
Inserted 0 at (4,0)
Inserted 9 at (4,0)
Inserted 7 at (4,5)
Inserted 8 at (8,8)
Inserted 0 at (8,8)
Inserted 0 at (4,5)
Inserted 0 at (4,0)
Inserted 0 at (0,0)
Inserted 4 at (0,0)
Inserted 7 at (4,5)
Inserted 3 at (5,8)
Inserted 8 at (8,8)
Inserted 0 at (8,8)
Inserted 0 at (5,8)
Inserted 5 at (5,8)
Inserted 8 at (8,8)
Inserted 0 at (8,8)
Inserted 0 at (5,8)
Inserted 6 at (5,8)
Inserted 0 at (5,8)
Inserted 8 at (5,8)
Inserted 0 at (5,8)
Inserted 9 at (5,8)
Inserted 0 at (5,8)
Inserted 0 at (4,5)
Inserted 0 at (0,0)
Inserted 4 at (0,0)
Inserted 2 at (0,8)
Inserted 7 at (4,5)
Inserted 8 at (8,8)
Inserted 0 at (8,8)
Inserted 0 at (4,5)
Inserted 0 at (0,8)
Inserted 3 at (0,8)
Inserted 7 at (4,5)
Inserted 8 at (8,8)
Inserted 0 at (8,8)
Inserted 0 at (4,5)
Inserted 0 at (0,8)
Inserted 5 at (0,8)
Inserted 0 at (0,8)
Inserted 6 at (0,8)
Inserted 0 at (0,8)
Inserted 8 at (0,8)
Inserted 0 at (0,8)
Inserted 9 at (0,8)
Inserted 0 at (0,8)
Inserted 0 at (0,0)
Inserted 4 at (0,0)
Inserted 7 at (4,5)
Inserted 8 at (6,7)
Inserted 9 at (8,8)
Inserted 0 at (8,8)
Inserted 0 at (6,7)
Inserted 9 at (6,7)
Inserted 8 at (8,8)
Inserted 0 at (8,8)
Inserted 0 at (6,7)
Inserted 0 at (4,5)
Inserted 0 at (0,0)
Inserted 4 at (0,0)
Inserted 2 at (0,3)
Inserted 7 at (4,5)
Inserted 8 at (8,8)
Inserted 0 at (8,8)
Inserted 0 at (4,5)
Inserted 0 at (0,3)
Inserted 3 at (0,3)
Inserted 7 at (4,5)
Inserted 8 at (8,8)
Inserted 0 at (8,8)
Inserted 0 at (4,5)
Inserted 0 at (0,3)
Inserted 6 at (0,3)
Inserted 0 at (0,3)
Inserted 8 at (0,3)
Inserted 0 at (0,3)
Inserted 0 at (0,0)
Inserted 4 at (0,0)
Inserted 7 at (4,5)
Inserted 3 at (8,2)
Inserted 8 at (8,8)
Inserted 0 at (8,8)
Inserted 0 at (8,2)
Inserted 4 at (8,2)
Inserted 8 at (8,8)
Inserted 0 at (8,8)
Inserted 0 at (8,2)
Inserted 5 at (8,2)
Inserted 0 at (8,2)
Inserted 8 at (8,2)
Inserted 0 at (8,2)
Inserted 0 at (4,5)
Inserted 0 at (0,0)
Inserted 4 at (0,0)
Inserted 2 at (2,8)
Inserted 7 at (4,5)
Inserted 8 at (8,8)
Inserted 0 at (8,8)
Inserted 0 at (4,5)
Inserted 0 at (2,8)
Inserted 8 at (2,8)
Inserted 7 at (4,5)
Inserted 0 at (4,5)
Inserted 0 at (2,8)
Inserted 9 at (2,8)
Inserted 7 at (4,5)
Inserted 8 at (8,8)
Inserted 0 at (8,8)
Inserted 0 at (4,5)
Inserted 0 at (2,8)
Inserted 0 at (0,0)
Inserted 4 at (0,0)
Inserted 9 at (1,2)
Inserted 7 at (4,5)
Inserted 8 at (8,8)
Inserted 0 at (8,8)
Inserted 0 at (4,5)
Inserted 0 at (1,2)
Inserted 0 at (0,0)
Inserted 9 at (0,0)
Inserted 4 at (1,2)
Inserted 7 at (4,5)
Inserted 8 at (8,8)
Inserted 0 at (8,8)
Inserted 0 at (4,5)
Inserted 0 at (1,2)
Inserted 0 at (0,0)
Inserted 4 at (0,0)
Inserted 2 at (2,8)
Inserted 7 at (4,5)
Inserted 8 at (8,8)
Inserted 0 at (8,8)
Inserted 0 at (4,5)
Inserted 0 at (2,8)
Inserted 8 at (2,8)
Inserted 7 at (4,5)
Inserted 0 at (4,5)
Inserted 0 at (2,8)
Inserted 9 at (2,8)
Inserted 7 at (4,5)
Inserted 8 at (8,8)
Inserted 0 at (8,8)
Inserted 0 at (4,5)
Inserted 0 at (2,8)
Inserted 0 at (0,0)
Inserted 4 at (0,0)
Inserted 4 at (1,6)
Inserted 7 at (4,5)
Inserted 8 at (8,8)
Inserted 0 at (8,8)
Inserted 0 at (4,5)
Inserted 0 at (1,6)
Inserted 6 at (1,6)
Inserted 7 at (4,5)
Inserted 8 at (8,8)
Inserted 0 at (8,8)
Inserted 0 at (4,5)
Inserted 0 at (1,6)
Inserted 7 at (1,6)
Inserted 0 at (1,6)
Inserted 0 at (0,0)
Inserted 4 at (0,0)
Inserted 7 at (4,5)
Inserted 2 at (8,6)
Inserted 8 at (8,8)
Inserted 0 at (8,8)
Inserted 0 at (8,6)
Inserted 8 at (8,6)
Inserted 2 at (8,8)
Inserted 0 at (8,8)
Inserted 0 at (8,6)
Inserted 0 at (4,5)
Inserted 0 at (0,0)
Inserted 4 at (0,0)
Inserted 7 at (4,5)
Inserted 6 at (8,7)
Inserted 8 at (8,8)
Inserted 0 at (8,8)
Inserted 0 at (8,7)
Inserted 8 at (8,7)
Inserted 6 at (8,8)
Inserted 0 at (8,8)
Inserted 0 at (8,7)
Inserted 0 at (4,5)
Inserted 0 at (0,0)
Inserted 4 at (0,0)
Inserted 2 at (3,1)
Inserted 7 at (4,5)
Inserted 8 at (8,8)
Inserted 0 at (8,8)
Inserted 0 at (4,5)
Inserted 0 at (3,1)
Inserted 4 at (3,1)
Inserted 7 at (4,5)
Inserted 8 at (8,8)
Inserted 0 at (8,8)
Inserted 0 at (4,5)
Inserted 0 at (3,1)
Inserted 7 at (3,1)
Inserted 0 at (3,1)
Inserted 0 at (0,0)
Inserted 4 at (0,0)
Inserted 3 at (0,5)
Inserted 7 at (4,5)
Inserted 8 at (8,8)
Inserted 0 at (8,8)
Inserted 0 at (4,5)
Inserted 0 at (0,5)
Inserted 5 at (0,5)
Inserted 7 at (4,5)
Inserted 8 at (8,8)
Inserted 0 at (8,8)
Inserted 0 at (4,5)
Inserted 0 at (0,5)
Inserted 8 at (0,5)
Inserted 0 at (0,5)
Inserted 9 at (0,5)
Inserted 0 at (0,5)
Inserted 0 at (0,0)
Inserted 4 at (0,0)
Inserted 7 at (0,2)
Inserted 7 at (4,5)
Inserted 8 at (8,8)
Inserted 0 at (8,8)
Inserted 0 at (4,5)
Inserted 0 at (0,2)
Inserted 0 at (0,0)
Inserted 7 at (0,0)
Inserted 4 at (0,2)
Inserted 7 at (4,5)
Inserted 8 at (8,8)
Inserted 0 at (8,8)
Inserted 0 at (4,5)
Inserted 0 at (0,2)
Inserted 0 at (0,0)
Inserted 4 at (0,0)
Inserted 7 at (4,5)
Inserted 5 at (7,5)
Inserted 8 at (8,8)
Inserted 0 at (8,8)
Inserted 0 at (7,5)
Inserted 8 at (7,5)
Inserted 8 at (8,8)
Inserted 0 at (8,8)
Inserted 0 at (7,5)
Inserted 9 at (7,5)
Inserted 0 at (7,5)
Inserted 0 at (4,5)
Inserted 0 at (0,0)
Inserted 4 at (0,0)
Inserted 7 at (4,5)
Inserted 4 at (7,8)
Inserted 8 at (8,8)
Inserted 0 at (8,8)
Inserted 0 at (7,8)
Inserted 8 at (7,8)
Inserted 4 at (8,8)
Inserted 0 at (8,8)
Inserted 0 at (7,8)
Inserted 0 at (4,5)
Inserted 0 at (0,0)
Inserted 4 at (0,0)
Inserted 2 at (4,2)
Inserted 7 at (4,5)
Inserted 8 at (8,8)
Inserted 0 at (8,8)
Inserted 0 at (4,5)
Inserted 0 at (4,2)
Inserted 3 at (4,2)
Inserted 7 at (4,5)
Inserted 8 at (8,8)
Inserted 0 at (8,8)
Inserted 0 at (4,5)
Inserted 0 at (4,2)
Inserted 4 at (4,2)
Inserted 0 at (4,2)
Inserted 0 at (0,0)
Inserted 4 at (0,0)
Inserted 2 at (0,7)
Inserted 7 at (4,5)
Inserted 8 at (8,8)
Inserted 0 at (8,8)
Inserted 0 at (4,5)
Inserted 0 at (0,7)
Inserted 3 at (0,7)
Inserted 7 at (4,5)
Inserted 8 at (8,8)
Inserted 0 at (8,8)
Inserted 0 at (4,5)
Inserted 0 at (0,7)
Inserted 5 at (0,7)
Inserted 0 at (0,7)
Inserted 8 at (0,7)
Inserted 0 at (0,7)
Inserted 0 at (0,0)
Inserted 4 at (0,0)
Inserted 7 at (4,5)
Inserted 2 at (7,1)
Inserted 8 at (8,8)
Inserted 0 at (8,8)
Inserted 0 at (7,1)
Inserted 6 at (7,1)
Inserted 8 at (8,8)
Inserted 0 at (8,8)
Inserted 0 at (7,1)
Inserted 7 at (7,1)
Inserted 0 at (7,1)
Inserted 9 at (7,1)
Inserted 0 at (7,1)
Inserted 0 at (4,5)
Inserted 0 at (0,0)
Inserted 4 at (0,0)
Inserted 3 at (1,7)
Inserted 7 at (4,5)
Inserted 8 at (8,8)
Inserted 0 at (8,8)
Inserted 0 at (4,5)
Inserted 0 at (1,7)
Inserted 4 at (1,7)
Inserted 7 at (4,5)
Inserted 8 at (8,8)
Inserted 0 at (8,8)
Inserted 0 at (4,5)
Inserted 0 at (1,7)
Inserted 5 at (1,7)
Inserted 0 at (1,7)
Inserted 7 at (1,7)
Inserted 0 at (1,7)
Inserted 0 at (0,0)
Inserted 4 at (0,0)
Inserted 6 at (3,5)
Inserted 7 at (4,5)
Inserted 8 at (8,8)
Inserted 0 at (8,8)
Inserted 0 at (4,5)
Inserted 0 at (3,5)
Inserted 7 at (3,5)
Inserted 6 at (4,5)
Inserted 8 at (8,8)
Inserted 0 at (8,8)
Inserted 0 at (4,5)
Inserted 0 at (3,5)
Inserted 0 at (0,0)
Inserted 4 at (0,0)
Inserted 2 at (2,7)
Inserted 7 at (4,5)
Inserted 8 at (8,8)
Inserted 0 at (8,8)
Inserted 0 at (4,5)
Inserted 0 at (2,7)
Inserted 4 at (2,7)
Inserted 7 at (4,5)
Inserted 8 at (8,8)
Inserted 0 at (8,8)
Inserted 0 at (4,5)
Inserted 0 at (2,7)
Inserted 7 at (2,7)
Inserted 0 at (2,7)
Inserted 8 at (2,7)
Inserted 0 at (2,7)
Inserted 0 at (0,0)
Inserted 4 at (0,0)
Inserted 2 at (4,5)
Inserted 7 at (5,5)
Inserted 8 at (8,8)
Inserted 0 at (8,8)
Inserted 0 at (5,5)
Inserted 0 at (4,5)
Inserted 7 at (4,5)
Inserted 2 at (5,5)
Inserted 8 at (8,8)
Inserted 0 at (8,8)
Inserted 0 at (5,5)
Inserted 0 at (4,5)
Inserted 0 at (0,0)
Inserted 4 at (0,0)
Inserted 2 at (4,5)
Inserted 7 at (5,5)
Inserted 8 at (8,8)
Inserted 0 at (8,8)
Inserted 0 at (5,5)
Inserted 0 at (4,5)
Inserted 7 at (4,5)
Inserted 2 at (5,5)
Inserted 8 at (8,8)
Inserted 0 at (8,8)
Inserted 0 at (5,5)
Inserted 0 at (4,5)
Inserted 0 at (0,0)
Inserted 4 at (0,0)
Inserted 7 at (3,3)
Inserted 9 at (4,5)
Inserted 8 at (8,8)
Inserted 0 at (8,8)
Inserted 0 at (4,5)
Inserted 0 at (3,3)
Inserted 9 at (3,3)
Inserted 7 at (4,5)
Inserted 8 at (8,8)
Inserted 0 at (8,8)
Inserted 0 at (4,5)
Inserted 0 at (3,3)
Inserted 0 at (0,0)
Inserted 4 at (0,0)
Inserted 2 at (2,3)
Inserted 7 at (4,5)
Inserted 8 at (8,8)
Inserted 0 at (8,8)
Inserted 0 at (4,5)
Inserted 0 at (2,3)
Inserted 7 at (2,3)
Inserted 7 at (4,5)
Inserted 8 at (8,8)
Inserted 0 at (8,8)
Inserted 0 at (4,5)
Inserted 0 at (2,3)
Inserted 8 at (2,3)
Inserted 0 at (2,3)
Inserted 0 at (0,0)
Inserted 4 at (0,0)
Inserted 2 at (0,4)
Inserted 7 at (4,5)
Inserted 8 at (8,8)
Inserted 0 at (8,8)
Inserted 0 at (4,5)
Inserted 0 at (0,4)
Inserted 5 at (0,4)
Inserted 7 at (4,5)
Inserted 8 at (8,8)
Inserted 0 at (8,8)
Inserted 0 at (4,5)
Inserted 0 at (0,4)
Inserted 6 at (0,4)
Inserted 0 at (0,4)
Inserted 9 at (0,4)
Inserted 0 at (0,4)
Inserted 0 at (0,0)
Inserted 4 at (0,0)
Inserted 2 at (2,4)
Inserted 7 at (4,5)
Inserted 8 at (8,8)
Inserted 0 at (8,8)
Inserted 0 at (4,5)
Inserted 0 at (2,4)
Inserted 4 at (2,4)
Inserted 7 at (4,5)
Inserted 8 at (8,8)
Inserted 0 at (8,8)
Inserted 0 at (4,5)
Inserted 0 at (2,4)
Inserted 7 at (2,4)
Inserted 0 at (2,4)
Inserted 9 at (2,4)
Inserted 0 at (2,4)
Inserted 0 at (0,0)
Inserted 4 at (0,0)
Inserted 7 at (3,3)
Inserted 9 at (4,5)
Inserted 8 at (8,8)
Inserted 0 at (8,8)
Inserted 0 at (4,5)
Inserted 0 at (3,3)
Inserted 9 at (3,3)
Inserted 7 at (4,5)
Inserted 8 at (8,8)
Inserted 0 at (8,8)
Inserted 0 at (4,5)
Inserted 0 at (3,3)
Inserted 0 at (0,0)
Inserted 4 at (0,0)
Inserted 0 at (0,0)
Inserted 4 at (0,0)
Inserted 4 at (2,5)
Inserted 7 at (4,5)
Inserted 8 at (8,8)
Inserted 0 at (8,8)
Inserted 0 at (4,5)
Inserted 0 at (2,5)
Inserted 7 at (2,5)
Inserted 0 at (2,5)
Inserted 8 at (2,5)
Inserted 7 at (4,5)
Inserted 8 at (8,8)
Inserted 0 at (8,8)
Inserted 0 at (4,5)
Inserted 0 at (2,5)
Inserted 9 at (2,5)
Inserted 0 at (2,5)
Inserted 0 at (0,0)
Inserted 4 at (0,0)
Inserted 7 at (4,5)
Inserted 4 at (8,4)
Inserted 8 at (8,8)
Inserted 0 at (8,8)
Inserted 0 at (8,4)
Inserted 5 at (8,4)
Inserted 8 at (8,8)
Inserted 0 at (8,8)
Inserted 0 at (8,4)
Inserted 7 at (8,4)
Inserted 0 at (8,4)
Inserted 9 at (8,4)
Inserted 0 at (8,4)
Inserted 0 at (4,5)
Inserted 0 at (0,0)
Inserted 4 at (0,0)
Inserted 7 at (4,5)
Inserted 5 at (5,0)
Inserted 8 at (8,8)
Inserted 0 at (8,8)
Inserted 0 at (5,0)
Inserted 6 at (5,0)
Inserted 8 at (8,8)
Inserted 0 at (8,8)
Inserted 0 at (5,0)
Inserted 7 at (5,0)
Inserted 0 at (5,0)
Inserted 8 at (5,0)
Inserted 0 at (5,0)
Inserted 9 at (5,0)
Inserted 0 at (5,0)
Inserted 0 at (4,5)
Inserted 0 at (0,0)
Inserted 4 at (0,0)
Inserted 7 at (4,5)
Inserted 6 at (5,6)
Inserted 8 at (8,8)
Inserted 0 at (8,8)
Inserted 0 at (5,6)
Inserted 7 at (5,6)
Inserted 8 at (8,8)
Inserted 0 at (8,8)
Inserted 0 at (5,6)
Inserted 8 at (5,6)
Inserted 0 at (5,6)
Inserted 9 at (5,6)
Inserted 0 at (5,6)
Inserted 0 at (4,5)
Inserted 0 at (0,0)
Inserted 4 at (0,0)
Inserted 7 at (4,5)
Inserted 6 at (5,6)
Inserted 8 at (8,8)
Inserted 0 at (8,8)
Inserted 0 at (5,6)
Inserted 7 at (5,6)
Inserted 8 at (8,8)
Inserted 0 at (8,8)
Inserted 0 at (5,6)
Inserted 8 at (5,6)
Inserted 0 at (5,6)
Inserted 9 at (5,6)
Inserted 0 at (5,6)
Inserted 0 at (4,5)
Inserted 0 at (0,0)
Inserted 4 at (0,0)
Inserted 2 at (0,7)
Inserted 7 at (4,5)
Inserted 8 at (8,8)
Inserted 0 at (8,8)
Inserted 0 at (4,5)
Inserted 0 at (0,7)
Inserted 3 at (0,7)
Inserted 7 at (4,5)
Inserted 8 at (8,8)
Inserted 0 at (8,8)
Inserted 0 at (4,5)
Inserted 0 at (0,7)
Inserted 5 at (0,7)
Inserted 0 at (0,7)
Inserted 8 at (0,7)
Inserted 0 at (0,7)
Inserted 0 at (0,0)
Inserted 4 at (0,0)
Inserted 7 at (4,5)
Inserted 6 at (6,0)
Inserted 8 at (8,8)
Inserted 0 at (8,8)
Inserted 0 at (6,0)
Inserted 8 at (6,0)
Inserted 8 at (8,8)
Inserted 0 at (8,8)
Inserted 0 at (6,0)
Inserted 0 at (4,5)
Inserted 0 at (0,0)
Inserted 4 at (0,0)
Inserted 2 at (4,2)
Inserted 7 at (4,5)
Inserted 8 at (8,8)
Inserted 0 at (8,8)
Inserted 0 at (4,5)
Inserted 0 at (4,2)
Inserted 3 at (4,2)
Inserted 7 at (4,5)
Inserted 8 at (8,8)
Inserted 0 at (8,8)
Inserted 0 at (4,5)
Inserted 0 at (4,2)
Inserted 4 at (4,2)
Inserted 0 at (4,2)
Inserted 0 at (0,0)
Inserted 3 at (0,0)
Inserted 4 at (2,0)
Inserted 7 at (4,5)
Inserted 8 at (8,8)
Inserted 0 at (8,8)
Inserted 0 at (4,5)
Inserted 0 at (2,0)
Inserted 0 at (0,0)
Inserted 4 at (0,0)
Inserted 3 at (2,0)
Inserted 7 at (4,5)
Inserted 8 at (8,8)
Inserted 0 at (8,8)
Inserted 0 at (4,5)
Inserted 0 at (2,0)
Inserted 0 at (0,0)
Inserted 4 at (0,0)
Inserted 4 at (2,6)
Inserted 7 at (4,5)
Inserted 8 at (8,8)
Inserted 0 at (8,8)
Inserted 0 at (4,5)
Inserted 0 at (2,6)
Inserted 7 at (2,6)
Inserted 7 at (4,5)
Inserted 8 at (8,8)
Inserted 0 at (8,8)
Inserted 0 at (4,5)
Inserted 0 at (2,6)
Inserted 8 at (2,6)
Inserted 0 at (2,6)
Inserted 9 at (2,6)
Inserted 0 at (2,6)
Inserted 0 at (0,0)
Inserted 4 at (0,0)
Inserted 7 at (4,5)
Inserted 2 at (6,2)
Inserted 8 at (8,8)
Inserted 0 at (8,8)
Inserted 0 at (6,2)
Inserted 3 at (6,2)
Inserted 8 at (8,8)
Inserted 0 at (8,8)
Inserted 0 at (6,2)
Inserted 4 at (6,2)
Inserted 0 at (6,2)
Inserted 8 at (6,2)
Inserted 0 at (6,2)
Inserted 0 at (4,5)
Inserted 0 at (0,0)
Inserted 4 at (0,0)
Inserted 6 at (2,2)
Inserted 7 at (4,5)
Inserted 8 at (8,8)
Inserted 0 at (8,8)
Inserted 0 at (4,5)
Inserted 0 at (2,2)
Inserted 0 at (0,0)
Inserted 6 at (0,0)
Inserted 4 at (2,2)
Inserted 7 at (4,5)
Inserted 8 at (8,8)
Inserted 0 at (8,8)
Inserted 0 at (4,5)
Inserted 0 at (2,2)
Inserted 0 at (0,0)
Inserted 4 at (0,0)
Inserted 7 at (4,5)
Inserted 3 at (5,1)
Inserted 8 at (8,8)
Inserted 0 at (8,8)
Inserted 0 at (5,1)
Inserted 6 at (5,1)
Inserted 8 at (8,8)
Inserted 0 at (8,8)
Inserted 0 at (5,1)
Inserted 7 at (5,1)
Inserted 0 at (5,1)
Inserted 9 at (5,1)
Inserted 0 at (5,1)
Inserted 0 at (4,5)
Inserted 0 at (0,0)
Inserted 4 at (0,0)
Inserted 3 at (1,7)
Inserted 7 at (4,5)
Inserted 8 at (8,8)
Inserted 0 at (8,8)
Inserted 0 at (4,5)
Inserted 0 at (1,7)
Inserted 4 at (1,7)
Inserted 7 at (4,5)
Inserted 8 at (8,8)
Inserted 0 at (8,8)
Inserted 0 at (4,5)
Inserted 0 at (1,7)
Inserted 5 at (1,7)
Inserted 0 at (1,7)
Inserted 7 at (1,7)
Inserted 0 at (1,7)
Inserted 0 at (0,0)
Inserted 4 at (0,0)
Inserted 2 at (2,7)
Inserted 7 at (4,5)
Inserted 8 at (8,8)
Inserted 0 at (8,8)
Inserted 0 at (4,5)
Inserted 0 at (2,7)
Inserted 4 at (2,7)
Inserted 7 at (4,5)
Inserted 8 at (8,8)
Inserted 0 at (8,8)
Inserted 0 at (4,5)
Inserted 0 at (2,7)
Inserted 7 at (2,7)
Inserted 0 at (2,7)
Inserted 8 at (2,7)
Inserted 0 at (2,7)
Inserted 0 at (0,0)
Inserted 4 at (0,0)
Inserted 7 at (4,5)
Inserted 4 at (7,8)
Inserted 8 at (8,8)
Inserted 0 at (8,8)
Inserted 0 at (7,8)
Inserted 8 at (7,8)
Inserted 4 at (8,8)
Inserted 0 at (8,8)
Inserted 0 at (7,8)
Inserted 0 at (4,5)
Inserted 0 at (0,0)
Inserted 4 at (0,0)
Inserted 7 at (4,5)
Inserted 2 at (7,3)
Inserted 8 at (8,8)
Inserted 0 at (8,8)
Inserted 0 at (7,3)
Inserted 6 at (7,3)
Inserted 8 at (8,8)
Inserted 0 at (8,8)
Inserted 0 at (7,3)
Inserted 7 at (7,3)
Inserted 0 at (7,3)
Inserted 8 at (7,3)
Inserted 0 at (7,3)
Inserted 0 at (4,5)
Inserted 0 at (0,0)
Inserted 4 at (0,0)
Inserted 7 at (4,5)
Inserted 2 at (8,6)
Inserted 8 at (8,8)
Inserted 0 at (8,8)
Inserted 0 at (8,6)
Inserted 8 at (8,6)
Inserted 2 at (8,8)
Inserted 0 at (8,8)
Inserted 0 at (8,6)
Inserted 0 at (4,5)
Inserted 0 at (0,0)
Inserted 4 at (0,0)
Inserted 7 at (4,5)
Inserted 3 at (5,7)
Inserted 8 at (8,8)
Inserted 0 at (8,8)
Inserted 0 at (5,7)
Inserted 5 at (5,7)
Inserted 8 at (8,8)
Inserted 0 at (8,8)
Inserted 0 at (5,7)
Inserted 7 at (5,7)
Inserted 0 at (5,7)
Inserted 8 at (5,7)
Inserted 0 at (5,7)
Inserted 0 at (4,5)
Inserted 0 at (0,0)
Inserted 4 at (0,0)
Inserted 7 at (4,5)
Inserted 7 at (6,8)
Inserted 8 at (8,8)
Inserted 0 at (8,8)
Inserted 0 at (6,8)
Inserted 8 at (6,8)
Inserted 7 at (8,8)
Inserted 0 at (8,8)
Inserted 0 at (6,8)
Inserted 0 at (4,5)
Inserted 0 at (0,0)
Inserted 4 at (0,0)
Inserted 7 at (4,5)
Inserted 8 at (7,7)
Inserted 0 at (7,7)
Inserted 0 at (4,5)
Inserted 0 at (0,0)
Inserted 4 at (0,0)
Inserted 7 at (4,5)
Inserted 2 at (7,2)
Inserted 8 at (8,8)
Inserted 0 at (8,8)
Inserted 0 at (7,2)
Inserted 5 at (7,2)
Inserted 8 at (8,8)
Inserted 0 at (8,8)
Inserted 0 at (7,2)
Inserted 8 at (7,2)
Inserted 0 at (7,2)
Inserted 0 at (4,5)
Inserted 0 at (0,0)
Inserted 4 at (0,0)
Inserted 7 at (4,5)
Inserted 8 at (7,7)
Inserted 0 at (7,7)
Inserted 0 at (4,5)
Inserted 0 at (0,0)
Inserted 4 at (0,0)
Inserted 5 at (2,1)
Inserted 7 at (4,5)
Inserted 8 at (8,8)
Inserted 0 at (8,8)
Inserted 0 at (4,5)
Inserted 0 at (2,1)
Inserted 0 at (0,0)
Inserted 5 at (0,0)
Inserted 4 at (2,1)
Inserted 7 at (4,5)
Inserted 8 at (8,8)
Inserted 0 at (8,8)
Inserted 0 at (4,5)
Inserted 0 at (2,1)
Inserted 0 at (0,0)
Inserted 4 at (0,0)
Inserted 7 at (4,5)
Inserted 8 at (7,7)
Inserted 0 at (7,7)
Inserted 0 at (4,5)
Inserted 0 at (0,0)
Inserted 4 at (0,0)
Inserted 4 at (2,5)
Inserted 7 at (4,5)
Inserted 8 at (8,8)
Inserted 0 at (8,8)
Inserted 0 at (4,5)
Inserted 0 at (2,5)
Inserted 7 at (2,5)
Inserted 0 at (2,5)
Inserted 8 at (2,5)
Inserted 7 at (4,5)
Inserted 8 at (8,8)
Inserted 0 at (8,8)
Inserted 0 at (4,5)
Inserted 0 at (2,5)
Inserted 9 at (2,5)
Inserted 0 at (2,5)
Inserted 0 at (0,0)
Inserted 4 at (0,0)
Inserted 7 at (0,2)
Inserted 7 at (4,5)
Inserted 8 at (8,8)
Inserted 0 at (8,8)
Inserted 0 at (4,5)
Inserted 0 at (0,2)
Inserted 0 at (0,0)
Inserted 7 at (0,0)
Inserted 4 at (0,2)
Inserted 7 at (4,5)
Inserted 8 at (8,8)
Inserted 0 at (8,8)
Inserted 0 at (4,5)
Inserted 0 at (0,2)
Inserted 0 at (0,0)
Inserted 4 at (0,0)
Inserted 3 at (1,8)
Inserted 7 at (4,5)
Inserted 8 at (8,8)
Inserted 0 at (8,8)
Inserted 0 at (4,5)
Inserted 0 at (1,8)
Inserted 5 at (1,8)
Inserted 7 at (4,5)
Inserted 8 at (8,8)
Inserted 0 at (8,8)
Inserted 0 at (4,5)
Inserted 0 at (1,8)
Inserted 6 at (1,8)
Inserted 0 at (1,8)
Inserted 0 at (0,0)
Inserted 4 at (0,0)
Inserted 7 at (4,5)
Inserted 3 at (5,2)
Inserted 8 at (8,8)
Inserted 0 at (8,8)
Inserted 0 at (5,2)
Inserted 5 at (5,2)
Inserted 8 at (8,8)
Inserted 0 at (8,8)
Inserted 0 at (5,2)
Inserted 8 at (5,2)
Inserted 0 at (5,2)
Inserted 0 at (4,5)
Inserted 0 at (0,0)
Inserted 4 at (0,0)
Inserted 7 at (4,5)
Inserted 2 at (6,4)
Inserted 8 at (8,8)
Inserted 0 at (8,8)
Inserted 0 at (6,4)
Inserted 4 at (6,4)
Inserted 8 at (8,8)
Inserted 0 at (8,8)
Inserted 0 at (6,4)
Inserted 6 at (6,4)
Inserted 0 at (6,4)
Inserted 0 at (4,5)
Inserted 0 at (0,0)
Inserted 4 at (0,0)
Inserted 3 at (1,7)
Inserted 7 at (4,5)
Inserted 8 at (8,8)
Inserted 0 at (8,8)
Inserted 0 at (4,5)
Inserted 0 at (1,7)
Inserted 4 at (1,7)
Inserted 7 at (4,5)
Inserted 8 at (8,8)
Inserted 0 at (8,8)
Inserted 0 at (4,5)
Inserted 0 at (1,7)
Inserted 5 at (1,7)
Inserted 0 at (1,7)
Inserted 7 at (1,7)
Inserted 0 at (1,7)
Inserted 0 at (0,0)
Inserted 4 at (0,0)
Inserted 2 at (3,7)
Inserted 7 at (4,5)
Inserted 8 at (8,8)
Inserted 0 at (8,8)
Inserted 0 at (4,5)
Inserted 0 at (3,7)
Inserted 4 at (3,7)
Inserted 7 at (4,5)
Inserted 8 at (8,8)
Inserted 0 at (8,8)
Inserted 0 at (4,5)
Inserted 0 at (3,7)
Inserted 5 at (3,7)
Inserted 0 at (3,7)
Inserted 7 at (3,7)
Inserted 0 at (3,7)
Inserted 8 at (3,7)
Inserted 0 at (3,7)
Inserted 0 at (0,0)
Inserted 4 at (0,0)
Inserted 4 at (3,6)
Inserted 7 at (4,5)
Inserted 8 at (8,8)
Inserted 0 at (8,8)
Inserted 0 at (4,5)
Inserted 0 at (3,6)
Inserted 7 at (3,6)
Inserted 7 at (4,5)
Inserted 8 at (8,8)
Inserted 0 at (8,8)
Inserted 0 at (4,5)
Inserted 0 at (3,6)
Inserted 8 at (3,6)
Inserted 0 at (3,6)
Inserted 0 at (0,0)
Inserted 4 at (0,0)
Inserted 7 at (4,5)
Inserted 3 at (7,6)
Inserted 8 at (8,8)
Inserted 0 at (8,8)
Inserted 0 at (7,6)
Inserted 8 at (7,6)
Inserted 3 at (8,8)
Inserted 0 at (8,8)
Inserted 0 at (7,6)
Inserted 0 at (4,5)
Inserted 0 at (0,0)
Inserted 4 at (0,0)
Inserted 7 at (0,2)
Inserted 7 at (4,5)
Inserted 8 at (8,8)
Inserted 0 at (8,8)
Inserted 0 at (4,5)
Inserted 0 at (0,2)
Inserted 0 at (0,0)
Inserted 7 at (0,0)
Inserted 4 at (0,2)
Inserted 7 at (4,5)
Inserted 8 at (8,8)
Inserted 0 at (8,8)
Inserted 0 at (4,5)
Inserted 0 at (0,2)
Inserted 0 at (0,0)
Inserted 4 at (0,0)
Inserted 4 at (1,4)
Inserted 7 at (4,5)
Inserted 8 at (8,8)
Inserted 0 at (8,8)
Inserted 0 at (4,5)
Inserted 0 at (1,4)
Inserted 5 at (1,4)
Inserted 7 at (4,5)
Inserted 8 at (8,8)
Inserted 0 at (8,8)
Inserted 0 at (4,5)
Inserted 0 at (1,4)
Inserted 6 at (1,4)
Inserted 0 at (1,4)
Inserted 7 at (1,4)
Inserted 0 at (1,4)
Inserted 0 at (0,0)
Inserted 4 at (0,0)
Inserted 7 at (4,4)
Inserted 8 at (4,5)
Inserted 8 at (8,8)
Inserted 0 at (8,8)
Inserted 0 at (4,5)
Inserted 0 at (4,4)
Inserted 8 at (4,4)
Inserted 7 at (4,5)
Inserted 8 at (8,8)
Inserted 0 at (8,8)
Inserted 0 at (4,5)
Inserted 0 at (4,4)
Inserted 0 at (0,0)
Inserted 4 at (0,0)
Inserted 7 at (4,5)
Inserted 3 at (5,2)
Inserted 8 at (8,8)
Inserted 0 at (8,8)
Inserted 0 at (5,2)
Inserted 5 at (5,2)
Inserted 8 at (8,8)
Inserted 0 at (8,8)
Inserted 0 at (5,2)
Inserted 8 at (5,2)
Inserted 0 at (5,2)
Inserted 0 at (4,5)
Inserted 0 at (0,0)
Inserted 4 at (0,0)
Inserted 7 at (4,5)
Inserted 3 at (5,1)
Inserted 8 at (8,8)
Inserted 0 at (8,8)
Inserted 0 at (5,1)
Inserted 6 at (5,1)
Inserted 8 at (8,8)
Inserted 0 at (8,8)
Inserted 0 at (5,1)
Inserted 7 at (5,1)
Inserted 0 at (5,1)
Inserted 9 at (5,1)
Inserted 0 at (5,1)
Inserted 0 at (4,5)
Inserted 0 at (0,0)
Inserted 4 at (0,0)
Inserted 2 at (3,2)
Inserted 7 at (4,5)
Inserted 8 at (8,8)
Inserted 0 at (8,8)
Inserted 0 at (4,5)
Inserted 0 at (3,2)
Inserted 4 at (3,2)
Inserted 7 at (4,5)
Inserted 8 at (8,8)
Inserted 0 at (8,8)
Inserted 0 at (4,5)
Inserted 0 at (3,2)
Inserted 5 at (3,2)
Inserted 0 at (3,2)
Inserted 8 at (3,2)
Inserted 0 at (3,2)
Inserted 0 at (0,0)
Inserted 4 at (0,0)
Inserted 7 at (4,5)
Inserted 2 at (7,1)
Inserted 8 at (8,8)
Inserted 0 at (8,8)
Inserted 0 at (7,1)
Inserted 6 at (7,1)
Inserted 8 at (8,8)
Inserted 0 at (8,8)
Inserted 0 at (7,1)
Inserted 7 at (7,1)
Inserted 0 at (7,1)
Inserted 9 at (7,1)
Inserted 0 at (7,1)
Inserted 0 at (4,5)
Inserted 0 at (0,0)
Inserted 4 at (0,0)
Inserted 3 at (3,4)
Inserted 7 at (4,5)
Inserted 8 at (8,8)
Inserted 0 at (8,8)
Inserted 0 at (4,5)
Inserted 0 at (3,4)
Inserted 7 at (3,4)
Inserted 3 at (4,5)
Inserted 8 at (8,8)
Inserted 0 at (8,8)
Inserted 0 at (4,5)
Inserted 0 at (3,4)
Inserted 0 at (0,0)
Inserted 4 at (0,0)
Inserted 2 at (3,7)
Inserted 7 at (4,5)
Inserted 8 at (8,8)
Inserted 0 at (8,8)
Inserted 0 at (4,5)
Inserted 0 at (3,7)
Inserted 4 at (3,7)
Inserted 7 at (4,5)
Inserted 8 at (8,8)
Inserted 0 at (8,8)
Inserted 0 at (4,5)
Inserted 0 at (3,7)
Inserted 5 at (3,7)
Inserted 0 at (3,7)
Inserted 7 at (3,7)
Inserted 0 at (3,7)
Inserted 8 at (3,7)
Inserted 0 at (3,7)
Inserted 0 at (0,0)
Inserted 4 at (0,0)
Inserted 7 at (4,5)
Inserted 2 at (6,2)
Inserted 8 at (8,8)
Inserted 0 at (8,8)
Inserted 0 at (6,2)
Inserted 3 at (6,2)
Inserted 8 at (8,8)
Inserted 0 at (8,8)
Inserted 0 at (6,2)
Inserted 4 at (6,2)
Inserted 0 at (6,2)
Inserted 8 at (6,2)
Inserted 0 at (6,2)
Inserted 0 at (4,5)
Inserted 0 at (0,0)
Inserted 4 at (0,0)
Inserted 4 at (1,6)
Inserted 7 at (4,5)
Inserted 8 at (8,8)
Inserted 0 at (8,8)
Inserted 0 at (4,5)
Inserted 0 at (1,6)
Inserted 6 at (1,6)
Inserted 7 at (4,5)
Inserted 8 at (8,8)
Inserted 0 at (8,8)
Inserted 0 at (4,5)
Inserted 0 at (1,6)
Inserted 7 at (1,6)
Inserted 0 at (1,6)
Inserted 0 at (0,0)
Inserted 4 at (0,0)
Inserted 7 at (4,5)
Inserted 2 at (7,2)
Inserted 8 at (8,8)
Inserted 0 at (8,8)
Inserted 0 at (7,2)
Inserted 5 at (7,2)
Inserted 8 at (8,8)
Inserted 0 at (8,8)
Inserted 0 at (7,2)
Inserted 8 at (7,2)
Inserted 0 at (7,2)
Inserted 0 at (4,5)
Inserted 0 at (0,0)
Inserted 4 at (0,0)
Inserted 6 at (2,2)
Inserted 7 at (4,5)
Inserted 8 at (8,8)
Inserted 0 at (8,8)
Inserted 0 at (4,5)
Inserted 0 at (2,2)
Inserted 0 at (0,0)
Inserted 6 at (0,0)
Inserted 4 at (2,2)
Inserted 7 at (4,5)
Inserted 8 at (8,8)
Inserted 0 at (8,8)
Inserted 0 at (4,5)
Inserted 0 at (2,2)
Inserted 0 at (0,0)
Inserted 4 at (0,0)
Inserted 2 at (0,3)
Inserted 7 at (4,5)
Inserted 8 at (8,8)
Inserted 0 at (8,8)
Inserted 0 at (4,5)
Inserted 0 at (0,3)
Inserted 3 at (0,3)
Inserted 7 at (4,5)
Inserted 8 at (8,8)
Inserted 0 at (8,8)
Inserted 0 at (4,5)
Inserted 0 at (0,3)
Inserted 6 at (0,3)
Inserted 0 at (0,3)
Inserted 8 at (0,3)
Inserted 0 at (0,3)
Inserted 0 at (0,0)
Inserted 4 at (0,0)
Inserted 2 at (2,3)
Inserted 7 at (4,5)
Inserted 8 at (8,8)
Inserted 0 at (8,8)
Inserted 0 at (4,5)
Inserted 0 at (2,3)
Inserted 7 at (2,3)
Inserted 7 at (4,5)
Inserted 8 at (8,8)
Inserted 0 at (8,8)
Inserted 0 at (4,5)
Inserted 0 at (2,3)
Inserted 8 at (2,3)
Inserted 0 at (2,3)
Inserted 0 at (0,0)
Inserted 4 at (0,0)
Inserted 2 at (0,7)
Inserted 7 at (4,5)
Inserted 8 at (8,8)
Inserted 0 at (8,8)
Inserted 0 at (4,5)
Inserted 0 at (0,7)
Inserted 3 at (0,7)
Inserted 7 at (4,5)
Inserted 8 at (8,8)
Inserted 0 at (8,8)
Inserted 0 at (4,5)
Inserted 0 at (0,7)
Inserted 5 at (0,7)
Inserted 0 at (0,7)
Inserted 8 at (0,7)
Inserted 0 at (0,7)
Inserted 0 at (0,0)
Inserted 4 at (0,0)
Inserted 4 at (4,5)
Inserted 7 at (5,3)
Inserted 8 at (8,8)
Inserted 0 at (8,8)
Inserted 0 at (5,3)
Inserted 0 at (4,5)
Inserted 7 at (4,5)
Inserted 4 at (5,3)
Inserted 8 at (8,8)
Inserted 0 at (8,8)
Inserted 0 at (5,3)
Inserted 0 at (4,5)
Inserted 0 at (0,0)
Inserted 4 at (0,0)
Inserted 7 at (4,5)
Inserted 5 at (6,6)
Inserted 8 at (8,8)
Inserted 0 at (8,8)
Inserted 0 at (6,6)
Inserted 8 at (6,6)
Inserted 5 at (8,8)
Inserted 0 at (8,8)
Inserted 0 at (6,6)
Inserted 0 at (4,5)
Inserted 0 at (0,0)
Inserted 4 at (0,0)
Inserted 7 at (4,5)
Inserted 2 at (6,4)
Inserted 8 at (8,8)
Inserted 0 at (8,8)
Inserted 0 at (6,4)
Inserted 4 at (6,4)
Inserted 8 at (8,8)
Inserted 0 at (8,8)
Inserted 0 at (6,4)
Inserted 6 at (6,4)
Inserted 0 at (6,4)
Inserted 0 at (4,5)
Inserted 0 at (0,0)
Inserted 4 at (0,0)
Inserted 7 at (4,5)
Inserted 3 at (8,2)
Inserted 8 at (8,8)
Inserted 0 at (8,8)
Inserted 0 at (8,2)
Inserted 4 at (8,2)
Inserted 8 at (8,8)
Inserted 0 at (8,8)
Inserted 0 at (8,2)
Inserted 5 at (8,2)
Inserted 0 at (8,2)
Inserted 8 at (8,2)
Inserted 0 at (8,2)
Inserted 0 at (4,5)
Inserted 0 at (0,0)
Inserted 4 at (0,0)
Inserted 3 at (0,5)
Inserted 7 at (4,5)
Inserted 8 at (8,8)
Inserted 0 at (8,8)
Inserted 0 at (4,5)
Inserted 0 at (0,5)
Inserted 5 at (0,5)
Inserted 7 at (4,5)
Inserted 8 at (8,8)
Inserted 0 at (8,8)
Inserted 0 at (4,5)
Inserted 0 at (0,5)
Inserted 8 at (0,5)
Inserted 0 at (0,5)
Inserted 9 at (0,5)
Inserted 0 at (0,5)
Inserted 0 at (0,0)
Inserted 4 at (0,0)
Inserted 2 at (4,2)
Inserted 7 at (4,5)
Inserted 8 at (8,8)
Inserted 0 at (8,8)
Inserted 0 at (4,5)
Inserted 0 at (4,2)
Inserted 3 at (4,2)
Inserted 7 at (4,5)
Inserted 8 at (8,8)
Inserted 0 at (8,8)
Inserted 0 at (4,5)
Inserted 0 at (4,2)
Inserted 4 at (4,2)
Inserted 0 at (4,2)
Inserted 0 at (0,0)
Inserted 4 at (0,0)
Inserted 3 at (1,7)
Inserted 7 at (4,5)
Inserted 8 at (8,8)
Inserted 0 at (8,8)
Inserted 0 at (4,5)
Inserted 0 at (1,7)
Inserted 4 at (1,7)
Inserted 7 at (4,5)
Inserted 8 at (8,8)
Inserted 0 at (8,8)
Inserted 0 at (4,5)
Inserted 0 at (1,7)
Inserted 5 at (1,7)
Inserted 0 at (1,7)
Inserted 7 at (1,7)
Inserted 0 at (1,7)
Inserted 0 at (0,0)
Inserted 4 at (0,0)
Inserted 7 at (4,5)
Inserted 6 at (5,6)
Inserted 8 at (8,8)
Inserted 0 at (8,8)
Inserted 0 at (5,6)
Inserted 7 at (5,6)
Inserted 8 at (8,8)
Inserted 0 at (8,8)
Inserted 0 at (5,6)
Inserted 8 at (5,6)
Inserted 0 at (5,6)
Inserted 9 at (5,6)
Inserted 0 at (5,6)
Inserted 0 at (4,5)
Inserted 0 at (0,0)
Inserted 4 at (0,0)
Inserted 6 at (0,6)
Inserted 7 at (4,5)
Inserted 8 at (8,8)
Inserted 0 at (8,8)
Inserted 0 at (4,5)
Inserted 0 at (0,6)
Inserted 8 at (0,6)
Inserted 7 at (4,5)
Inserted 8 at (8,8)
Inserted 0 at (8,8)
Inserted 0 at (4,5)
Inserted 0 at (0,6)
Inserted 9 at (0,6)
Inserted 0 at (0,6)
Inserted 0 at (0,0)
Inserted 4 at (0,0)
Inserted 7 at (4,5)
Inserted 3 at (7,6)
Inserted 8 at (8,8)
Inserted 0 at (8,8)
Inserted 0 at (7,6)
Inserted 8 at (7,6)
Inserted 3 at (8,8)
Inserted 0 at (8,8)
Inserted 0 at (7,6)
Inserted 0 at (4,5)
Inserted 0 at (0,0)
Inserted 4 at (0,0)
Inserted 7 at (4,5)
Inserted 2 at (7,4)
Inserted 8 at (8,8)
Inserted 0 at (8,8)
Inserted 0 at (7,4)
Inserted 5 at (7,4)
Inserted 8 at (8,8)
Inserted 0 at (8,8)
Inserted 0 at (7,4)
Inserted 6 at (7,4)
Inserted 0 at (7,4)
Inserted 7 at (7,4)
Inserted 0 at (7,4)
Inserted 9 at (7,4)
Inserted 0 at (7,4)
Inserted 0 at (4,5)
Inserted 0 at (0,0)
Inserted 4 at (0,0)
Inserted 7 at (4,5)
Inserted 3 at (8,3)
Inserted 8 at (8,8)
Inserted 0 at (8,8)
Inserted 0 at (8,3)
Inserted 7 at (8,3)
Inserted 8 at (8,8)
Inserted 0 at (8,8)
Inserted 0 at (8,3)
Inserted 8 at (8,3)
Inserted 0 at (8,3)
Inserted 0 at (4,5)
Inserted 0 at (0,0)
Inserted 4 at (0,0)
Inserted 7 at (4,5)
Inserted 6 at (6,0)
Inserted 8 at (8,8)
Inserted 0 at (8,8)
Inserted 0 at (6,0)
Inserted 8 at (6,0)
Inserted 8 at (8,8)
Inserted 0 at (8,8)
Inserted 0 at (6,0)
Inserted 0 at (4,5)
Inserted 0 at (0,0)
Inserted 4 at (0,0)
Inserted 5 at (2,1)
Inserted 7 at (4,5)
Inserted 8 at (8,8)
Inserted 0 at (8,8)
Inserted 0 at (4,5)
Inserted 0 at (2,1)
Inserted 0 at (0,0)
Inserted 5 at (0,0)
Inserted 4 at (2,1)
Inserted 7 at (4,5)
Inserted 8 at (8,8)
Inserted 0 at (8,8)
Inserted 0 at (4,5)
Inserted 0 at (2,1)
Inserted 0 at (0,0)
Inserted 4 at (0,0)
Inserted 7 at (4,4)
Inserted 8 at (4,5)
Inserted 8 at (8,8)
Inserted 0 at (8,8)
Inserted 0 at (4,5)
Inserted 0 at (4,4)
Inserted 8 at (4,4)
Inserted 7 at (4,5)
Inserted 8 at (8,8)
Inserted 0 at (8,8)
Inserted 0 at (4,5)
Inserted 0 at (4,4)
Inserted 0 at (0,0)
Inserted 4 at (0,0)
Inserted 7 at (4,5)
Inserted 8 at (6,7)
Inserted 9 at (8,8)
Inserted 0 at (8,8)
Inserted 0 at (6,7)
Inserted 9 at (6,7)
Inserted 8 at (8,8)
Inserted 0 at (8,8)
Inserted 0 at (6,7)
Inserted 0 at (4,5)
Inserted 0 at (0,0)
Inserted 4 at (0,0)
Inserted 7 at (4,5)
Inserted 5 at (8,0)
Inserted 8 at (8,8)
Inserted 0 at (8,8)
Inserted 0 at (8,0)
Inserted 7 at (8,0)
Inserted 8 at (8,8)
Inserted 0 at (8,8)
Inserted 0 at (8,0)
Inserted 8 at (8,0)
Inserted 0 at (8,0)
Inserted 9 at (8,0)
Inserted 0 at (8,0)
Inserted 0 at (4,5)
Inserted 0 at (0,0)
Inserted 4 at (0,0)
Inserted 2 at (3,1)
Inserted 7 at (4,5)
Inserted 8 at (8,8)
Inserted 0 at (8,8)
Inserted 0 at (4,5)
Inserted 0 at (3,1)
Inserted 4 at (3,1)
Inserted 7 at (4,5)
Inserted 8 at (8,8)
Inserted 0 at (8,8)
Inserted 0 at (4,5)
Inserted 0 at (3,1)
Inserted 7 at (3,1)
Inserted 0 at (3,1)
Inserted 0 at (0,0)
Inserted 4 at (0,0)
Inserted 7 at (4,5)
Inserted 3 at (8,1)
Inserted 8 at (8,8)
Inserted 0 at (8,8)
Inserted 0 at (8,1)
Inserted 4 at (8,1)
Inserted 8 at (8,8)
Inserted 0 at (8,8)
Inserted 0 at (8,1)
Inserted 7 at (8,1)
Inserted 0 at (8,1)
Inserted 9 at (8,1)
Inserted 0 at (8,1)
Inserted 0 at (4,5)
Inserted 0 at (0,0)
Inserted 4 at (0,0)
Inserted 4 at (1,4)
Inserted 7 at (4,5)
Inserted 8 at (8,8)
Inserted 0 at (8,8)
Inserted 0 at (4,5)
Inserted 0 at (1,4)
Inserted 5 at (1,4)
Inserted 7 at (4,5)
Inserted 8 at (8,8)
Inserted 0 at (8,8)
Inserted 0 at (4,5)
Inserted 0 at (1,4)
Inserted 6 at (1,4)
Inserted 0 at (1,4)
Inserted 7 at (1,4)
Inserted 0 at (1,4)
Inserted 0 at (0,0)
Inserted 4 at (0,0)
Inserted 7 at (4,5)
Inserted 8 at (7,7)
Inserted 0 at (7,7)
Inserted 0 at (4,5)
Inserted 0 at (0,0)
Inserted 4 at (0,0)
Inserted 7 at (0,2)
Inserted 7 at (4,5)
Inserted 8 at (8,8)
Inserted 0 at (8,8)
Inserted 0 at (4,5)
Inserted 0 at (0,2)
Inserted 0 at (0,0)
Inserted 7 at (0,0)
Inserted 4 at (0,2)
Inserted 7 at (4,5)
Inserted 8 at (8,8)
Inserted 0 at (8,8)
Inserted 0 at (4,5)
Inserted 0 at (0,2)
Inserted 0 at (0,0)
Inserted 4 at (0,0)
Inserted 3 at (1,7)
Inserted 7 at (4,5)
Inserted 8 at (8,8)
Inserted 0 at (8,8)
Inserted 0 at (4,5)
Inserted 0 at (1,7)
Inserted 4 at (1,7)
Inserted 7 at (4,5)
Inserted 8 at (8,8)
Inserted 0 at (8,8)
Inserted 0 at (4,5)
Inserted 0 at (1,7)
Inserted 5 at (1,7)
Inserted 0 at (1,7)
Inserted 7 at (1,7)
Inserted 0 at (1,7)
Inserted 0 at (0,0)
Inserted 4 at (0,0)
Inserted 7 at (4,5)
Inserted 3 at (5,2)
Inserted 8 at (8,8)
Inserted 0 at (8,8)
Inserted 0 at (5,2)
Inserted 5 at (5,2)
Inserted 8 at (8,8)
Inserted 0 at (8,8)
Inserted 0 at (5,2)
Inserted 8 at (5,2)
Inserted 0 at (5,2)
Inserted 0 at (4,5)
Inserted 0 at (0,0)
Inserted 4 at (0,0)
Inserted 7 at (4,5)
Inserted 2 at (4,8)
Inserted 8 at (8,8)
Inserted 0 at (8,8)
Inserted 0 at (4,8)
Inserted 3 at (4,8)
Inserted 8 at (8,8)
Inserted 0 at (8,8)
Inserted 0 at (4,8)
Inserted 6 at (4,8)
Inserted 0 at (4,8)
Inserted 9 at (4,8)
Inserted 0 at (4,8)
Inserted 0 at (4,5)
Inserted 0 at (0,0)
Inserted 4 at (0,0)
Inserted 4 at (2,6)
Inserted 7 at (4,5)
Inserted 8 at (8,8)
Inserted 0 at (8,8)
Inserted 0 at (4,5)
Inserted 0 at (2,6)
Inserted 7 at (2,6)
Inserted 7 at (4,5)
Inserted 8 at (8,8)
Inserted 0 at (8,8)
Inserted 0 at (4,5)
Inserted 0 at (2,6)
Inserted 8 at (2,6)
Inserted 0 at (2,6)
Inserted 9 at (2,6)
Inserted 0 at (2,6)
Inserted 0 at (0,0)
Inserted 4 at (0,0)
Inserted 5 at (3,0)
Inserted 7 at (4,5)
Inserted 8 at (8,8)
Inserted 0 at (8,8)
Inserted 0 at (4,5)
Inserted 0 at (3,0)
Inserted 7 at (3,0)
Inserted 7 at (4,5)
Inserted 8 at (8,8)
Inserted 0 at (8,8)
Inserted 0 at (4,5)
Inserted 0 at (3,0)
Inserted 8 at (3,0)
Inserted 0 at (3,0)
Inserted 0 at (0,0)
Inserted 4 at (0,0)
Inserted 7 at (4,5)
Inserted 5 at (7,0)
Inserted 8 at (8,8)
Inserted 0 at (8,8)
Inserted 0 at (7,0)
Inserted 6 at (7,0)
Inserted 8 at (8,8)
Inserted 0 at (8,8)
Inserted 0 at (7,0)
Inserted 7 at (7,0)
Inserted 0 at (7,0)
Inserted 8 at (7,0)
Inserted 0 at (7,0)
Inserted 9 at (7,0)
Inserted 0 at (7,0)
Inserted 0 at (4,5)
Inserted 0 at (0,0)
Inserted 4 at (0,0)
Inserted 7 at (4,5)
Inserted 6 at (5,6)
Inserted 8 at (8,8)
Inserted 0 at (8,8)
Inserted 0 at (5,6)
Inserted 7 at (5,6)
Inserted 8 at (8,8)
Inserted 0 at (8,8)
Inserted 0 at (5,6)
Inserted 8 at (5,6)
Inserted 0 at (5,6)
Inserted 9 at (5,6)
Inserted 0 at (5,6)
Inserted 0 at (4,5)
Inserted 0 at (0,0)
Inserted 4 at (0,0)
Inserted 2 at (4,1)
Inserted 7 at (4,5)
Inserted 8 at (8,8)
Inserted 0 at (8,8)
Inserted 0 at (4,5)
Inserted 0 at (4,1)
Inserted 3 at (4,1)
Inserted 7 at (4,5)
Inserted 8 at (8,8)
Inserted 0 at (8,8)
Inserted 0 at (4,5)
Inserted 0 at (4,1)
Inserted 4 at (4,1)
Inserted 0 at (4,1)
Inserted 6 at (4,1)
Inserted 0 at (4,1)
Inserted 7 at (4,1)
Inserted 0 at (4,1)
Inserted 9 at (4,1)
Inserted 0 at (4,1)
Inserted 0 at (0,0)
Inserted 4 at (0,0)
Inserted 3 at (1,3)
Inserted 7 at (4,5)
Inserted 8 at (8,8)
Inserted 0 at (8,8)
Inserted 0 at (4,5)
Inserted 0 at (1,3)
Inserted 6 at (1,3)
Inserted 7 at (4,5)
Inserted 8 at (8,8)
Inserted 0 at (8,8)
Inserted 0 at (4,5)
Inserted 0 at (1,3)
Inserted 7 at (1,3)
Inserted 0 at (1,3)
Inserted 0 at (0,0)
Inserted 4 at (0,0)
Inserted 2 at (2,7)
Inserted 7 at (4,5)
Inserted 8 at (8,8)
Inserted 0 at (8,8)
Inserted 0 at (4,5)
Inserted 0 at (2,7)
Inserted 4 at (2,7)
Inserted 7 at (4,5)
Inserted 8 at (8,8)
Inserted 0 at (8,8)
Inserted 0 at (4,5)
Inserted 0 at (2,7)
Inserted 7 at (2,7)
Inserted 0 at (2,7)
Inserted 8 at (2,7)
Inserted 0 at (2,7)
Inserted 0 at (0,0)
Inserted 4 at (0,0)
Inserted 4 at (1,4)
Inserted 7 at (4,5)
Inserted 8 at (8,8)
Inserted 0 at (8,8)
Inserted 0 at (4,5)
Inserted 0 at (1,4)
Inserted 5 at (1,4)
Inserted 7 at (4,5)
Inserted 8 at (8,8)
Inserted 0 at (8,8)
Inserted 0 at (4,5)
Inserted 0 at (1,4)
Inserted 6 at (1,4)
Inserted 0 at (1,4)
Inserted 7 at (1,4)
Inserted 0 at (1,4)
Inserted 0 at (0,0)
Inserted 4 at (0,0)
Inserted 7 at (4,5)
Inserted 2 at (7,1)
Inserted 8 at (8,8)
Inserted 0 at (8,8)
Inserted 0 at (7,1)
Inserted 6 at (7,1)
Inserted 8 at (8,8)
Inserted 0 at (8,8)
Inserted 0 at (7,1)
Inserted 7 at (7,1)
Inserted 0 at (7,1)
Inserted 9 at (7,1)
Inserted 0 at (7,1)
Inserted 0 at (4,5)
Inserted 0 at (0,0)
Inserted 4 at (0,0)
Inserted 7 at (4,5)
Inserted 3 at (8,5)
Inserted 8 at (8,8)
Inserted 0 at (8,8)
Inserted 0 at (8,5)
Inserted 4 at (8,5)
Inserted 8 at (8,8)
Inserted 0 at (8,8)
Inserted 0 at (8,5)
Inserted 5 at (8,5)
Inserted 0 at (8,5)
Inserted 8 at (8,5)
Inserted 0 at (8,5)
Inserted 9 at (8,5)
Inserted 0 at (8,5)
Inserted 0 at (4,5)
Inserted 0 at (0,0)
Inserted 4 at (0,0)
Inserted 7 at (4,5)
Inserted 6 at (6,0)
Inserted 8 at (8,8)
Inserted 0 at (8,8)
Inserted 0 at (6,0)
Inserted 8 at (6,0)
Inserted 8 at (8,8)
Inserted 0 at (8,8)
Inserted 0 at (6,0)
Inserted 0 at (4,5)
Inserted 0 at (0,0)
Inserted 4 at (0,0)
Inserted 2 at (4,2)
Inserted 7 at (4,5)
Inserted 8 at (8,8)
Inserted 0 at (8,8)
Inserted 0 at (4,5)
Inserted 0 at (4,2)
Inserted 3 at (4,2)
Inserted 7 at (4,5)
Inserted 8 at (8,8)
Inserted 0 at (8,8)
Inserted 0 at (4,5)
Inserted 0 at (4,2)
Inserted 4 at (4,2)
Inserted 0 at (4,2)
Inserted 0 at (0,0)
Inserted 4 at (0,0)
Inserted 7 at (4,5)
Inserted 3 at (8,5)
Inserted 8 at (8,8)
Inserted 0 at (8,8)
Inserted 0 at (8,5)
Inserted 4 at (8,5)
Inserted 8 at (8,8)
Inserted 0 at (8,8)
Inserted 0 at (8,5)
Inserted 5 at (8,5)
Inserted 0 at (8,5)
Inserted 8 at (8,5)
Inserted 0 at (8,5)
Inserted 9 at (8,5)
Inserted 0 at (8,5)
Inserted 0 at (4,5)
Inserted 0 at (0,0)
Inserted 4 at (0,0)
Inserted 2 at (0,4)
Inserted 7 at (4,5)
Inserted 8 at (8,8)
Inserted 0 at (8,8)
Inserted 0 at (4,5)
Inserted 0 at (0,4)
Inserted 5 at (0,4)
Inserted 7 at (4,5)
Inserted 8 at (8,8)
Inserted 0 at (8,8)
Inserted 0 at (4,5)
Inserted 0 at (0,4)
Inserted 6 at (0,4)
Inserted 0 at (0,4)
Inserted 9 at (0,4)
Inserted 0 at (0,4)
Inserted 0 at (0,0)
Inserted 4 at (0,0)
Inserted 5 at (2,1)
Inserted 7 at (4,5)
Inserted 8 at (8,8)
Inserted 0 at (8,8)
Inserted 0 at (4,5)
Inserted 0 at (2,1)
Inserted 0 at (0,0)
Inserted 5 at (0,0)
Inserted 4 at (2,1)
Inserted 7 at (4,5)
Inserted 8 at (8,8)
Inserted 0 at (8,8)
Inserted 0 at (4,5)
Inserted 0 at (2,1)
Inserted 0 at (0,0)
Inserted 4 at (0,0)
Inserted 7 at (4,5)
Inserted 3 at (8,5)
Inserted 8 at (8,8)
Inserted 0 at (8,8)
Inserted 0 at (8,5)
Inserted 4 at (8,5)
Inserted 8 at (8,8)
Inserted 0 at (8,8)
Inserted 0 at (8,5)
Inserted 5 at (8,5)
Inserted 0 at (8,5)
Inserted 8 at (8,5)
Inserted 0 at (8,5)
Inserted 9 at (8,5)
Inserted 0 at (8,5)
Inserted 0 at (4,5)
Inserted 0 at (0,0)
Inserted 4 at (0,0)
Inserted 7 at (4,5)
Inserted 2 at (6,2)
Inserted 8 at (8,8)
Inserted 0 at (8,8)
Inserted 0 at (6,2)
Inserted 3 at (6,2)
Inserted 8 at (8,8)
Inserted 0 at (8,8)
Inserted 0 at (6,2)
Inserted 4 at (6,2)
Inserted 0 at (6,2)
Inserted 8 at (6,2)
Inserted 0 at (6,2)
Inserted 0 at (4,5)
Inserted 0 at (0,0)
Inserted 4 at (0,0)
Inserted 7 at (0,2)
Inserted 7 at (4,5)
Inserted 8 at (8,8)
Inserted 0 at (8,8)
Inserted 0 at (4,5)
Inserted 0 at (0,2)
Inserted 0 at (0,0)
Inserted 7 at (0,0)
Inserted 4 at (0,2)
Inserted 7 at (4,5)
Inserted 8 at (8,8)
Inserted 0 at (8,8)
Inserted 0 at (4,5)
Inserted 0 at (0,2)
Inserted 0 at (0,0)
Inserted 4 at (0,0)
Inserted 7 at (4,5)
Inserted 4 at (8,4)
Inserted 8 at (8,8)
Inserted 0 at (8,8)
Inserted 0 at (8,4)
Inserted 5 at (8,4)
Inserted 8 at (8,8)
Inserted 0 at (8,8)
Inserted 0 at (8,4)
Inserted 7 at (8,4)
Inserted 0 at (8,4)
Inserted 9 at (8,4)
Inserted 0 at (8,4)
Inserted 0 at (4,5)
Inserted 0 at (0,0)
Inserted 4 at (0,0)
Inserted 7 at (4,5)
Inserted 3 at (5,1)
Inserted 8 at (8,8)
Inserted 0 at (8,8)
Inserted 0 at (5,1)
Inserted 6 at (5,1)
Inserted 8 at (8,8)
Inserted 0 at (8,8)
Inserted 0 at (5,1)
Inserted 7 at (5,1)
Inserted 0 at (5,1)
Inserted 9 at (5,1)
Inserted 0 at (5,1)
Inserted 0 at (4,5)
Inserted 0 at (0,0)
Inserted 4 at (0,0)
Inserted 7 at (4,5)
Inserted 5 at (7,0)
Inserted 8 at (8,8)
Inserted 0 at (8,8)
Inserted 0 at (7,0)
Inserted 6 at (7,0)
Inserted 8 at (8,8)
Inserted 0 at (8,8)
Inserted 0 at (7,0)
Inserted 7 at (7,0)
Inserted 0 at (7,0)
Inserted 8 at (7,0)
Inserted 0 at (7,0)
Inserted 9 at (7,0)
Inserted 0 at (7,0)
Inserted 0 at (4,5)
Inserted 0 at (0,0)
Inserted 4 at (0,0)
Inserted 6 at (3,5)
Inserted 7 at (4,5)
Inserted 8 at (8,8)
Inserted 0 at (8,8)
Inserted 0 at (4,5)
Inserted 0 at (3,5)
Inserted 7 at (3,5)
Inserted 6 at (4,5)
Inserted 8 at (8,8)
Inserted 0 at (8,8)
Inserted 0 at (4,5)
Inserted 0 at (3,5)
Inserted 0 at (0,0)
Inserted 4 at (0,0)
Inserted 7 at (4,5)
Inserted 8 at (7,7)
Inserted 0 at (7,7)
Inserted 0 at (4,5)
Inserted 0 at (0,0)
Inserted 4 at (0,0)
Inserted 6 at (2,2)
Inserted 7 at (4,5)
Inserted 8 at (8,8)
Inserted 0 at (8,8)
Inserted 0 at (4,5)
Inserted 0 at (2,2)
Inserted 0 at (0,0)
Inserted 6 at (0,0)
Inserted 4 at (2,2)
Inserted 7 at (4,5)
Inserted 8 at (8,8)
Inserted 0 at (8,8)
Inserted 0 at (4,5)
Inserted 0 at (2,2)
Inserted 0 at (0,0)
Inserted 4 at (0,0)
Inserted 7 at (4,5)
Inserted 2 at (4,7)
Inserted 8 at (8,8)
Inserted 0 at (8,8)
Inserted 0 at (4,7)
Inserted 3 at (4,7)
Inserted 8 at (8,8)
Inserted 0 at (8,8)
Inserted 0 at (4,7)
Inserted 4 at (4,7)
Inserted 0 at (4,7)
Inserted 0 at (4,5)
Inserted 0 at (0,0)
Inserted 4 at (0,0)
Inserted 2 at (3,2)
Inserted 7 at (4,5)
Inserted 8 at (8,8)
Inserted 0 at (8,8)
Inserted 0 at (4,5)
Inserted 0 at (3,2)
Inserted 4 at (3,2)
Inserted 7 at (4,5)
Inserted 8 at (8,8)
Inserted 0 at (8,8)
Inserted 0 at (4,5)
Inserted 0 at (3,2)
Inserted 5 at (3,2)
Inserted 0 at (3,2)
Inserted 8 at (3,2)
Inserted 0 at (3,2)
Inserted 0 at (0,0)
Inserted 4 at (0,0)
Inserted 7 at (4,5)
Inserted 5 at (6,6)
Inserted 8 at (8,8)
Inserted 0 at (8,8)
Inserted 0 at (6,6)
Inserted 8 at (6,6)
Inserted 5 at (8,8)
Inserted 0 at (8,8)
Inserted 0 at (6,6)
Inserted 0 at (4,5)
Inserted 0 at (0,0)
Inserted 4 at (0,0)
Inserted 7 at (4,5)
Inserted 3 at (5,2)
Inserted 8 at (8,8)
Inserted 0 at (8,8)
Inserted 0 at (5,2)
Inserted 5 at (5,2)
Inserted 8 at (8,8)
Inserted 0 at (8,8)
Inserted 0 at (5,2)
Inserted 8 at (5,2)
Inserted 0 at (5,2)
Inserted 0 at (4,5)
Inserted 0 at (0,0)
Inserted 4 at (0,0)
Inserted 6 at (4,0)
Inserted 7 at (4,5)
Inserted 8 at (8,8)
Inserted 0 at (8,8)
Inserted 0 at (4,5)
Inserted 0 at (4,0)
Inserted 7 at (4,0)
Inserted 0 at (4,0)
Inserted 9 at (4,0)
Inserted 7 at (4,5)
Inserted 8 at (8,8)
Inserted 0 at (8,8)
Inserted 0 at (4,5)
Inserted 0 at (4,0)
Inserted 0 at (0,0)
Inserted 3 at (0,0)
Inserted 4 at (2,0)
Inserted 7 at (4,5)
Inserted 8 at (8,8)
Inserted 0 at (8,8)
Inserted 0 at (4,5)
Inserted 0 at (2,0)
Inserted 0 at (0,0)
Inserted 4 at (0,0)
Inserted 3 at (2,0)
Inserted 7 at (4,5)
Inserted 8 at (8,8)
Inserted 0 at (8,8)
Inserted 0 at (4,5)
Inserted 0 at (2,0)
Inserted 0 at (0,0)
Inserted 4 at (0,0)
Inserted 2 at (0,4)
Inserted 7 at (4,5)
Inserted 8 at (8,8)
Inserted 0 at (8,8)
Inserted 0 at (4,5)
Inserted 0 at (0,4)
Inserted 5 at (0,4)
Inserted 7 at (4,5)
Inserted 8 at (8,8)
Inserted 0 at (8,8)
Inserted 0 at (4,5)
Inserted 0 at (0,4)
Inserted 6 at (0,4)
Inserted 0 at (0,4)
Inserted 9 at (0,4)
Inserted 0 at (0,4)
Inserted 0 at (0,0)
Inserted 4 at (0,0)
Inserted 7 at (4,5)
Inserted 3 at (5,8)
Inserted 8 at (8,8)
Inserted 0 at (8,8)
Inserted 0 at (5,8)
Inserted 5 at (5,8)
Inserted 8 at (8,8)
Inserted 0 at (8,8)
Inserted 0 at (5,8)
Inserted 6 at (5,8)
Inserted 0 at (5,8)
Inserted 8 at (5,8)
Inserted 0 at (5,8)
Inserted 9 at (5,8)
Inserted 0 at (5,8)
Inserted 0 at (4,5)
Inserted 0 at (0,0)
Inserted 4 at (0,0)
Inserted 3 at (1,7)
Inserted 7 at (4,5)
Inserted 8 at (8,8)
Inserted 0 at (8,8)
Inserted 0 at (4,5)
Inserted 0 at (1,7)
Inserted 4 at (1,7)
Inserted 7 at (4,5)
Inserted 8 at (8,8)
Inserted 0 at (8,8)
Inserted 0 at (4,5)
Inserted 0 at (1,7)
Inserted 5 at (1,7)
Inserted 0 at (1,7)
Inserted 7 at (1,7)
Inserted 0 at (1,7)
Inserted 0 at (0,0)
Inserted 4 at (0,0)
Inserted 7 at (4,5)
Inserted 2 at (6,1)
Inserted 8 at (8,8)
Inserted 0 at (8,8)
Inserted 0 at (6,1)
Inserted 3 at (6,1)
Inserted 8 at (8,8)
Inserted 0 at (8,8)
Inserted 0 at (6,1)
Inserted 4 at (6,1)
Inserted 0 at (6,1)
Inserted 6 at (6,1)
Inserted 0 at (6,1)
Inserted 0 at (4,5)
Inserted 0 at (0,0)
Inserted 4 at (0,0)
Inserted 7 at (4,5)
Inserted 3 at (8,2)
Inserted 8 at (8,8)
Inserted 0 at (8,8)
Inserted 0 at (8,2)
Inserted 4 at (8,2)
Inserted 8 at (8,8)
Inserted 0 at (8,8)
Inserted 0 at (8,2)
Inserted 5 at (8,2)
Inserted 0 at (8,2)
Inserted 8 at (8,2)
Inserted 0 at (8,2)
Inserted 0 at (4,5)
Inserted 0 at (0,0)
Inserted 4 at (0,0)
Inserted 7 at (4,5)
Inserted 4 at (8,4)
Inserted 8 at (8,8)
Inserted 0 at (8,8)
Inserted 0 at (8,4)
Inserted 5 at (8,4)
Inserted 8 at (8,8)
Inserted 0 at (8,8)
Inserted 0 at (8,4)
Inserted 7 at (8,4)
Inserted 0 at (8,4)
Inserted 9 at (8,4)
Inserted 0 at (8,4)
Inserted 0 at (4,5)
Inserted 0 at (0,0)
Inserted 4 at (0,0)
Inserted 2 at (2,3)
Inserted 7 at (4,5)
Inserted 8 at (8,8)
Inserted 0 at (8,8)
Inserted 0 at (4,5)
Inserted 0 at (2,3)
Inserted 7 at (2,3)
Inserted 7 at (4,5)
Inserted 8 at (8,8)
Inserted 0 at (8,8)
Inserted 0 at (4,5)
Inserted 0 at (2,3)
Inserted 8 at (2,3)
Inserted 0 at (2,3)
Inserted 0 at (0,0)
Inserted 4 at (0,0)
Inserted 0 at (0,0)
Inserted 4 at (0,0)
Inserted 2 at (2,4)
Inserted 7 at (4,5)
Inserted 8 at (8,8)
Inserted 0 at (8,8)
Inserted 0 at (4,5)
Inserted 0 at (2,4)
Inserted 4 at (2,4)
Inserted 7 at (4,5)
Inserted 8 at (8,8)
Inserted 0 at (8,8)
Inserted 0 at (4,5)
Inserted 0 at (2,4)
Inserted 7 at (2,4)
Inserted 0 at (2,4)
Inserted 9 at (2,4)
Inserted 0 at (2,4)
Inserted 0 at (0,0)
Inserted 4 at (0,0)
Inserted 7 at (4,5)
Inserted 8 at (7,7)
Inserted 0 at (7,7)
Inserted 0 at (4,5)
Inserted 0 at (0,0)
Inserted 4 at (0,0)
Inserted 2 at (3,1)
Inserted 7 at (4,5)
Inserted 8 at (8,8)
Inserted 0 at (8,8)
Inserted 0 at (4,5)
Inserted 0 at (3,1)
Inserted 4 at (3,1)
Inserted 7 at (4,5)
Inserted 8 at (8,8)
Inserted 0 at (8,8)
Inserted 0 at (4,5)
Inserted 0 at (3,1)
Inserted 7 at (3,1)
Inserted 0 at (3,1)
Inserted 0 at (0,0)
Inserted 4 at (0,0)
Inserted 7 at (4,5)
Inserted 5 at (7,0)
Inserted 8 at (8,8)
Inserted 0 at (8,8)
Inserted 0 at (7,0)
Inserted 6 at (7,0)
Inserted 8 at (8,8)
Inserted 0 at (8,8)
Inserted 0 at (7,0)
Inserted 7 at (7,0)
Inserted 0 at (7,0)
Inserted 8 at (7,0)
Inserted 0 at (7,0)
Inserted 9 at (7,0)
Inserted 0 at (7,0)
Inserted 0 at (4,5)
Inserted 0 at (0,0)
Inserted 4 at (0,0)
Inserted 7 at (0,2)
Inserted 7 at (4,5)
Inserted 8 at (8,8)
Inserted 0 at (8,8)
Inserted 0 at (4,5)
Inserted 0 at (0,2)
Inserted 0 at (0,0)
Inserted 7 at (0,0)
Inserted 4 at (0,2)
Inserted 7 at (4,5)
Inserted 8 at (8,8)
Inserted 0 at (8,8)
Inserted 0 at (4,5)
Inserted 0 at (0,2)
Inserted 0 at (0,0)
Inserted 4 at (0,0)
Inserted 5 at (3,0)
Inserted 7 at (4,5)
Inserted 8 at (8,8)
Inserted 0 at (8,8)
Inserted 0 at (4,5)
Inserted 0 at (3,0)
Inserted 7 at (3,0)
Inserted 7 at (4,5)
Inserted 8 at (8,8)
Inserted 0 at (8,8)
Inserted 0 at (4,5)
Inserted 0 at (3,0)
Inserted 8 at (3,0)
Inserted 0 at (3,0)
Inserted 0 at (0,0)
Inserted 4 at (0,0)
Inserted 4 at (3,6)
Inserted 7 at (4,5)
Inserted 8 at (8,8)
Inserted 0 at (8,8)
Inserted 0 at (4,5)
Inserted 0 at (3,6)
Inserted 7 at (3,6)
Inserted 7 at (4,5)
Inserted 8 at (8,8)
Inserted 0 at (8,8)
Inserted 0 at (4,5)
Inserted 0 at (3,6)
Inserted 8 at (3,6)
Inserted 0 at (3,6)
Inserted 0 at (0,0)
Inserted 4 at (0,0)
Inserted 3 at (0,5)
Inserted 7 at (4,5)
Inserted 8 at (8,8)
Inserted 0 at (8,8)
Inserted 0 at (4,5)
Inserted 0 at (0,5)
Inserted 5 at (0,5)
Inserted 7 at (4,5)
Inserted 8 at (8,8)
Inserted 0 at (8,8)
Inserted 0 at (4,5)
Inserted 0 at (0,5)
Inserted 8 at (0,5)
Inserted 0 at (0,5)
Inserted 9 at (0,5)
Inserted 0 at (0,5)
Inserted 0 at (0,0)
Inserted 4 at (0,0)
Inserted 2 at (0,4)
Inserted 7 at (4,5)
Inserted 8 at (8,8)
Inserted 0 at (8,8)
Inserted 0 at (4,5)
Inserted 0 at (0,4)
Inserted 5 at (0,4)
Inserted 7 at (4,5)
Inserted 8 at (8,8)
Inserted 0 at (8,8)
Inserted 0 at (4,5)
Inserted 0 at (0,4)
Inserted 6 at (0,4)
Inserted 0 at (0,4)
Inserted 9 at (0,4)
Inserted 0 at (0,4)
Inserted 0 at (0,0)
Inserted 4 at (0,0)
Inserted 2 at (3,1)
Inserted 7 at (4,5)
Inserted 8 at (8,8)
Inserted 0 at (8,8)
Inserted 0 at (4,5)
Inserted 0 at (3,1)
Inserted 4 at (3,1)
Inserted 7 at (4,5)
Inserted 8 at (8,8)
Inserted 0 at (8,8)
Inserted 0 at (4,5)
Inserted 0 at (3,1)
Inserted 7 at (3,1)
Inserted 0 at (3,1)
Inserted 0 at (0,0)
Inserted 4 at (0,0)
Inserted 2 at (2,8)
Inserted 7 at (4,5)
Inserted 8 at (8,8)
Inserted 0 at (8,8)
Inserted 0 at (4,5)
Inserted 0 at (2,8)
Inserted 8 at (2,8)
Inserted 7 at (4,5)
Inserted 0 at (4,5)
Inserted 0 at (2,8)
Inserted 9 at (2,8)
Inserted 7 at (4,5)
Inserted 8 at (8,8)
Inserted 0 at (8,8)
Inserted 0 at (4,5)
Inserted 0 at (2,8)
Inserted 0 at (0,0)
Inserted 4 at (0,0)
Inserted 3 at (1,5)
Inserted 7 at (4,5)
Inserted 8 at (8,8)
Inserted 0 at (8,8)
Inserted 0 at (4,5)
Inserted 0 at (1,5)
Inserted 4 at (1,5)
Inserted 7 at (4,5)
Inserted 8 at (8,8)
Inserted 0 at (8,8)
Inserted 0 at (4,5)
Inserted 0 at (1,5)
Inserted 5 at (1,5)
Inserted 0 at (1,5)
Inserted 7 at (1,5)
Inserted 0 at (1,5)
Inserted 0 at (0,0)
Inserted 4 at (0,0)
Inserted 7 at (4,5)
Inserted 3 at (8,1)
Inserted 8 at (8,8)
Inserted 0 at (8,8)
Inserted 0 at (8,1)
Inserted 4 at (8,1)
Inserted 8 at (8,8)
Inserted 0 at (8,8)
Inserted 0 at (8,1)
Inserted 7 at (8,1)
Inserted 0 at (8,1)
Inserted 9 at (8,1)
Inserted 0 at (8,1)
Inserted 0 at (4,5)
Inserted 0 at (0,0)
Inserted 4 at (0,0)
Inserted 7 at (4,5)
Inserted 2 at (4,8)
Inserted 8 at (8,8)
Inserted 0 at (8,8)
Inserted 0 at (4,8)
Inserted 3 at (4,8)
Inserted 8 at (8,8)
Inserted 0 at (8,8)
Inserted 0 at (4,8)
Inserted 6 at (4,8)
Inserted 0 at (4,8)
Inserted 9 at (4,8)
Inserted 0 at (4,8)
Inserted 0 at (4,5)
Inserted 0 at (0,0)
Inserted 4 at (0,0)
Inserted 7 at (0,2)
Inserted 7 at (4,5)
Inserted 8 at (8,8)
Inserted 0 at (8,8)
Inserted 0 at (4,5)
Inserted 0 at (0,2)
Inserted 0 at (0,0)
Inserted 7 at (0,0)
Inserted 4 at (0,2)
Inserted 7 at (4,5)
Inserted 8 at (8,8)
Inserted 0 at (8,8)
[...]
Inserted 6 at (8,8)
Inserted 0 at (8,8)
Inserted 0 at (8,7)
Inserted 0 at (4,5)
Inserted 0 at (0,0)
Inserted 4 at (0,0)
Inserted 4 at (1,4)
Inserted 7 at (4,5)
Inserted 8 at (8,8)
Inserted 0 at (8,8)
Inserted 0 at (4,5)
Inserted 0 at (1,4)
Inserted 5 at (1,4)
Inserted 7 at (4,5)
Inserted 8 at (8,8)
Inserted 0 at (8,8)
Inserted 0 at (4,5)
Inserted 0 at (1,4)
Inserted 6 at (1,4)
Inserted 0 at (1,4)
Inserted 7 at (1,4)
Inserted 0 at (1,4)
Inserted 0 at (0,0)
Inserted 4 at (0,0)
Inserted 7 at (4,5)
Inserted 3 at (6,5)
Inserted 8 at (8,8)
Inserted 0 at (8,8)
Inserted 0 at (6,5)
Inserted 4 at (6,5)
Inserted 8 at (8,8)
Inserted 0 at (8,8)
Inserted 0 at (6,5)
Inserted 8 at (6,5)
Inserted 0 at (6,5)
Inserted 0 at (4,5)
Inserted 0 at (0,0)
Inserted 4 at (0,0)
Inserted 2 at (3,1)
Inserted 7 at (4,5)
Inserted 8 at (8,8)
Inserted 0 at (8,8)
Inserted 0 at (4,5)
Inserted 0 at (3,1)
Inserted 4 at (3,1)
Inserted 7 at (4,5)
Inserted 8 at (8,8)
Inserted 0 at (8,8)
Inserted 0 at (4,5)
Inserted 0 at (3,1)
Inserted 7 at (3,1)
Inserted 0 at (3,1)
Inserted 0 at (0,0)
Inserted 4 at (0,0)
Inserted 7 at (4,5)
Inserted 5 at (8,0)
Inserted 8 at (8,8)
Inserted 0 at (8,8)
Inserted 0 at (8,0)
Inserted 7 at (8,0)
Inserted 8 at (8,8)
Inserted 0 at (8,8)
Inserted 0 at (8,0)
Inserted 8 at (8,0)
Inserted 0 at (8,0)
Inserted 9 at (8,0)
Inserted 0 at (8,0)
Inserted 0 at (4,5)
Inserted 0 at (0,0)
Inserted 4 at (0,0)
Inserted 2 at (4,2)
Inserted 7 at (4,5)
Inserted 8 at (8,8)
Inserted 0 at (8,8)
Inserted 0 at (4,5)
Inserted 0 at (4,2)
Inserted 3 at (4,2)
Inserted 7 at (4,5)
Inserted 8 at (8,8)
Inserted 0 at (8,8)
Inserted 0 at (4,5)
Inserted 0 at (4,2)
Inserted 4 at (4,2)
Inserted 0 at (4,2)
Inserted 0 at (0,0)
Inserted 4 at (0,0)
Inserted 7 at (4,5)
Inserted 6 at (8,7)
Inserted 8 at (8,8)
Inserted 0 at (8,8)
Inserted 0 at (8,7)
Inserted 8 at (8,7)
Inserted 6 at (8,8)
Inserted 0 at (8,8)
Inserted 0 at (8,7)
Inserted 0 at (4,5)
Inserted 0 at (0,0)
Inserted 4 at (0,0)
Inserted 4 at (2,6)
Inserted 7 at (4,5)
Inserted 8 at (8,8)
Inserted 0 at (8,8)
Inserted 0 at (4,5)
Inserted 0 at (2,6)
Inserted 7 at (2,6)
Inserted 7 at (4,5)
Inserted 8 at (8,8)
Inserted 0 at (8,8)
Inserted 0 at (4,5)
Inserted 0 at (2,6)
Inserted 8 at (2,6)
Inserted 0 at (2,6)
Inserted 9 at (2,6)
Inserted 0 at (2,6)
Inserted 0 at (0,0)
Inserted 4 at (0,0)
Inserted 7 at (4,5)
Inserted 2 at (6,2)
Inserted 8 at (8,8)
Inserted 0 at (8,8)
Inserted 0 at (6,2)
Inserted 3 at (6,2)
Inserted 8 at (8,8)
Inserted 0 at (8,8)
Inserted 0 at (6,2)
Inserted 4 at (6,2)
Inserted 0 at (6,2)
Inserted 8 at (6,2)
Inserted 0 at (6,2)
Inserted 0 at (4,5)
Inserted 0 at (0,0)
Inserted 4 at (0,0)
Inserted 9 at (1,2)
Inserted 7 at (4,5)
Inserted 8 at (8,8)
Inserted 0 at (8,8)
Inserted 0 at (4,5)
Inserted 0 at (1,2)
Inserted 0 at (0,0)
Inserted 9 at (0,0)
Inserted 4 at (1,2)
Inserted 7 at (4,5)
Inserted 8 at (8,8)
Inserted 0 at (8,8)
Inserted 0 at (4,5)
Inserted 0 at (1,2)
Inserted 0 at (0,0)
Inserted 4 at (0,0)
Inserted 7 at (4,5)
Inserted 2 at (6,2)
Inserted 8 at (8,8)
Inserted 0 at (8,8)
Inserted 0 at (6,2)
Inserted 3 at (6,2)
Inserted 8 at (8,8)
Inserted 0 at (8,8)
Inserted 0 at (6,2)
Inserted 4 at (6,2)
Inserted 0 at (6,2)
Inserted 8 at (6,2)
Inserted 0 at (6,2)
Inserted 0 at (4,5)
Inserted 0 at (0,0)
Inserted 4 at (0,0)
Inserted 7 at (4,5)
Inserted 3 at (8,3)
Inserted 8 at (8,8)
Inserted 0 at (8,8)
Inserted 0 at (8,3)
Inserted 7 at (8,3)
Inserted 8 at (8,8)
Inserted 0 at (8,8)
Inserted 0 at (8,3)
Inserted 8 at (8,3)
Inserted 0 at (8,3)
Inserted 0 at (4,5)
Inserted 0 at (0,0)
Inserted 4 at (0,0)
Inserted 7 at (4,5)
Inserted 5 at (6,6)
Inserted 8 at (8,8)
Inserted 0 at (8,8)
Inserted 0 at (6,6)
Inserted 8 at (6,6)
Inserted 5 at (8,8)
Inserted 0 at (8,8)
Inserted 0 at (6,6)
Inserted 0 at (4,5)
Inserted 0 at (0,0)
Inserted 4 at (0,0)
Inserted 2 at (2,7)
Inserted 7 at (4,5)
Inserted 8 at (8,8)
Inserted 0 at (8,8)
Inserted 0 at (4,5)
Inserted 0 at (2,7)
Inserted 4 at (2,7)
Inserted 7 at (4,5)
Inserted 8 at (8,8)
Inserted 0 at (8,8)
Inserted 0 at (4,5)
Inserted 0 at (2,7)
Inserted 7 at (2,7)
Inserted 0 at (2,7)
Inserted 8 at (2,7)
Inserted 0 at (2,7)
Inserted 0 at (0,0)
Inserted 4 at (0,0)
Inserted 7 at (4,5)
Inserted 2 at (4,7)
Inserted 8 at (8,8)
Inserted 0 at (8,8)
Inserted 0 at (4,7)
Inserted 3 at (4,7)
Inserted 8 at (8,8)
Inserted 0 at (8,8)
Inserted 0 at (4,7)
Inserted 4 at (4,7)
Inserted 0 at (4,7)
Inserted 0 at (4,5)
Inserted 0 at (0,0)
Inserted 4 at (0,0)
Inserted 5 at (4,3)
Inserted 7 at (4,5)
Inserted 8 at (8,8)
Inserted 0 at (8,8)
Inserted 0 at (4,5)
Inserted 0 at (4,3)
Inserted 7 at (4,3)
Inserted 5 at (4,5)
Inserted 8 at (8,8)
Inserted 0 at (8,8)
Inserted 0 at (4,5)
Inserted 0 at (4,3)
Inserted 0 at (0,0)
Inserted 4 at (0,0)
Inserted 7 at (4,5)
Inserted 2 at (6,1)
Inserted 8 at (8,8)
Inserted 0 at (8,8)
Inserted 0 at (6,1)
Inserted 3 at (6,1)
Inserted 8 at (8,8)
Inserted 0 at (8,8)
Inserted 0 at (6,1)
Inserted 4 at (6,1)
Inserted 0 at (6,1)
Inserted 6 at (6,1)
Inserted 0 at (6,1)
Inserted 0 at (4,5)
Inserted 0 at (0,0)
Inserted 4 at (0,0)
Inserted 2 at (2,3)
Inserted 7 at (4,5)
Inserted 8 at (8,8)
Inserted 0 at (8,8)
Inserted 0 at (4,5)
Inserted 0 at (2,3)
Inserted 7 at (2,3)
Inserted 7 at (4,5)
Inserted 8 at (8,8)
Inserted 0 at (8,8)
Inserted 0 at (4,5)
Inserted 0 at (2,3)
Inserted 8 at (2,3)
Inserted 0 at (2,3)
Inserted 0 at (0,0)
Inserted 4 at (0,0)
Inserted 2 at (4,5)
Inserted 7 at (5,5)
Inserted 8 at (8,8)
Inserted 0 at (8,8)
Inserted 0 at (5,5)
Inserted 0 at (4,5)
Inserted 7 at (4,5)
Inserted 2 at (5,5)
Inserted 8 at (8,8)
Inserted 0 at (8,8)
Inserted 0 at (5,5)
Inserted 0 at (4,5)
Inserted 0 at (0,0)
Inserted 4 at (0,0)
Inserted 7 at (4,5)
Inserted 5 at (7,0)
Inserted 8 at (8,8)
Inserted 0 at (8,8)
Inserted 0 at (7,0)
Inserted 6 at (7,0)
Inserted 8 at (8,8)
Inserted 0 at (8,8)
Inserted 0 at (7,0)
Inserted 7 at (7,0)
Inserted 0 at (7,0)
Inserted 8 at (7,0)
Inserted 0 at (7,0)
Inserted 9 at (7,0)
Inserted 0 at (7,0)
Inserted 0 at (4,5)
Inserted 0 at (0,0)
Inserted 4 at (0,0)
Inserted 7 at (4,5)
Inserted 3 at (8,1)
Inserted 8 at (8,8)
Inserted 0 at (8,8)
Inserted 0 at (8,1)
Inserted 4 at (8,1)
Inserted 8 at (8,8)
Inserted 0 at (8,8)
Inserted 0 at (8,1)
Inserted 7 at (8,1)
Inserted 0 at (8,1)
Inserted 9 at (8,1)
Inserted 0 at (8,1)
Inserted 0 at (4,5)
Inserted 0 at (0,0)
Inserted 4 at (0,0)
Inserted 7 at (4,5)
Inserted 2 at (6,1)
Inserted 8 at (8,8)
Inserted 0 at (8,8)
Inserted 0 at (6,1)
Inserted 3 at (6,1)
Inserted 8 at (8,8)
Inserted 0 at (8,8)
Inserted 0 at (6,1)
Inserted 4 at (6,1)
Inserted 0 at (6,1)
Inserted 6 at (6,1)
Inserted 0 at (6,1)
Inserted 0 at (4,5)
Inserted 0 at (0,0)
Inserted 4 at (0,0)
Inserted 2 at (4,5)
Inserted 7 at (5,5)
Inserted 8 at (8,8)
Inserted 0 at (8,8)
Inserted 0 at (5,5)
Inserted 0 at (4,5)
Inserted 7 at (4,5)
Inserted 2 at (5,5)
Inserted 8 at (8,8)
Inserted 0 at (8,8)
Inserted 0 at (5,5)
Inserted 0 at (4,5)
Inserted 0 at (0,0)
Inserted 4 at (0,0)
Inserted 7 at (4,5)
Inserted 2 at (4,8)
Inserted 8 at (8,8)
Inserted 0 at (8,8)
Inserted 0 at (4,8)
Inserted 3 at (4,8)
Inserted 8 at (8,8)
Inserted 0 at (8,8)
Inserted 0 at (4,8)
Inserted 6 at (4,8)
Inserted 0 at (4,8)
Inserted 9 at (4,8)
Inserted 0 at (4,8)
Inserted 0 at (4,5)
Inserted 0 at (0,0)
Inserted 4 at (0,0)
Inserted 2 at (3,2)
Inserted 7 at (4,5)
Inserted 8 at (8,8)
Inserted 0 at (8,8)
Inserted 0 at (4,5)
Inserted 0 at (3,2)
Inserted 4 at (3,2)
Inserted 7 at (4,5)
Inserted 8 at (8,8)
Inserted 0 at (8,8)
Inserted 0 at (4,5)
Inserted 0 at (3,2)
Inserted 5 at (3,2)
Inserted 0 at (3,2)
Inserted 8 at (3,2)
Inserted 0 at (3,2)
Inserted 0 at (0,0)
Inserted 4 at (0,0)
Inserted 6 at (0,6)
Inserted 7 at (4,5)
Inserted 8 at (8,8)
Inserted 0 at (8,8)
Inserted 0 at (4,5)
Inserted 0 at (0,6)
Inserted 8 at (0,6)
Inserted 7 at (4,5)
Inserted 8 at (8,8)
Inserted 0 at (8,8)
Inserted 0 at (4,5)
Inserted 0 at (0,6)
Inserted 9 at (0,6)
Inserted 0 at (0,6)
Inserted 0 at (0,0)
Inserted 4 at (0,0)
Inserted 7 at (0,2)
Inserted 7 at (4,5)
Inserted 8 at (8,8)
Inserted 0 at (8,8)
Inserted 0 at (4,5)
Inserted 0 at (0,2)
Inserted 0 at (0,0)
Inserted 7 at (0,0)
Inserted 4 at (0,2)
Inserted 7 at (4,5)
Inserted 8 at (8,8)
Inserted 0 at (8,8)
Inserted 0 at (4,5)
Inserted 0 at (0,2)
Inserted 0 at (0,0)
Inserted 4 at (0,0)
Inserted 6 at (4,0)
Inserted 7 at (4,5)
Inserted 8 at (8,8)
Inserted 0 at (8,8)
Inserted 0 at (4,5)
Inserted 0 at (4,0)
Inserted 7 at (4,0)
Inserted 0 at (4,0)
Inserted 9 at (4,0)
Inserted 7 at (4,5)
Inserted 8 at (8,8)
Inserted 0 at (8,8)
Inserted 0 at (4,5)
Inserted 0 at (4,0)
Inserted 0 at (0,0)
Inserted 4 at (0,0)
Inserted 2 at (2,8)
Inserted 7 at (4,5)
Inserted 8 at (8,8)
Inserted 0 at (8,8)
Inserted 0 at (4,5)
Inserted 0 at (2,8)
Inserted 8 at (2,8)
Inserted 7 at (4,5)
Inserted 0 at (4,5)
Inserted 0 at (2,8)
Inserted 9 at (2,8)
Inserted 7 at (4,5)
Inserted 8 at (8,8)
Inserted 0 at (8,8)
Inserted 0 at (4,5)
Inserted 0 at (2,8)
Inserted 0 at (0,0)
Inserted 4 at (0,0)
Inserted 5 at (4,3)
Inserted 7 at (4,5)
Inserted 8 at (8,8)
Inserted 0 at (8,8)
Inserted 0 at (4,5)
Inserted 0 at (4,3)
Inserted 7 at (4,3)
Inserted 5 at (4,5)
Inserted 8 at (8,8)
Inserted 0 at (8,8)
Inserted 0 at (4,5)
Inserted 0 at (4,3)
Inserted 0 at (0,0)
Inserted 4 at (0,0)
Inserted 7 at (4,4)
Inserted 8 at (4,5)
Inserted 8 at (8,8)
Inserted 0 at (8,8)
Inserted 0 at (4,5)
Inserted 0 at (4,4)
Inserted 8 at (4,4)
Inserted 7 at (4,5)
Inserted 8 at (8,8)
Inserted 0 at (8,8)
Inserted 0 at (4,5)
Inserted 0 at (4,4)
Inserted 0 at (0,0)
Inserted 4 at (0,0)
Inserted 6 at (0,6)
Inserted 7 at (4,5)
Inserted 8 at (8,8)
Inserted 0 at (8,8)
Inserted 0 at (4,5)
Inserted 0 at (0,6)
Inserted 8 at (0,6)
Inserted 7 at (4,5)
Inserted 8 at (8,8)
Inserted 0 at (8,8)
Inserted 0 at (4,5)
Inserted 0 at (0,6)
Inserted 9 at (0,6)
Inserted 0 at (0,6)
Inserted 0 at (0,0)
Inserted 4 at (0,0)
Inserted 7 at (4,4)
Inserted 8 at (4,5)
Inserted 8 at (8,8)
Inserted 0 at (8,8)
Inserted 0 at (4,5)
Inserted 0 at (4,4)
Inserted 8 at (4,4)
Inserted 7 at (4,5)
Inserted 8 at (8,8)
Inserted 0 at (8,8)
Inserted 0 at (4,5)
Inserted 0 at (4,4)
Inserted 0 at (0,0)
Inserted 4 at (0,0)
Inserted 3 at (1,3)
Inserted 7 at (4,5)
Inserted 8 at (8,8)
Inserted 0 at (8,8)
Inserted 0 at (4,5)
Inserted 0 at (1,3)
Inserted 6 at (1,3)
Inserted 7 at (4,5)
Inserted 8 at (8,8)
Inserted 0 at (8,8)
Inserted 0 at (4,5)
Inserted 0 at (1,3)
Inserted 7 at (1,3)
Inserted 0 at (1,3)
Inserted 0 at (0,0)
Inserted 4 at (0,0)
Inserted 2 at (3,7)
Inserted 7 at (4,5)
Inserted 8 at (8,8)
Inserted 0 at (8,8)
Inserted 0 at (4,5)
Inserted 0 at (3,7)
Inserted 4 at (3,7)
Inserted 7 at (4,5)
Inserted 8 at (8,8)
Inserted 0 at (8,8)
Inserted 0 at (4,5)
Inserted 0 at (3,7)
Inserted 5 at (3,7)
Inserted 0 at (3,7)
Inserted 7 at (3,7)
Inserted 0 at (3,7)
Inserted 8 at (3,7)
Inserted 0 at (3,7)
Inserted 0 at (0,0)
Inserted 4 at (0,0)
Inserted 4 at (1,6)
Inserted 7 at (4,5)
Inserted 8 at (8,8)
Inserted 0 at (8,8)
Inserted 0 at (4,5)
Inserted 0 at (1,6)
Inserted 6 at (1,6)
Inserted 7 at (4,5)
Inserted 8 at (8,8)
Inserted 0 at (8,8)
Inserted 0 at (4,5)
Inserted 0 at (1,6)
Inserted 7 at (1,6)
Inserted 0 at (1,6)
Inserted 0 at (0,0)
Inserted 4 at (0,0)
Inserted 7 at (4,5)
Inserted 7 at (6,8)
Inserted 8 at (8,8)
Inserted 0 at (8,8)
Inserted 0 at (6,8)
Inserted 8 at (6,8)
Inserted 7 at (8,8)
Inserted 0 at (8,8)
Inserted 0 at (6,8)
Inserted 0 at (4,5)
Inserted 0 at (0,0)
Inserted 4 at (0,0)
Inserted 9 at (1,2)
Inserted 7 at (4,5)
Inserted 8 at (8,8)
Inserted 0 at (8,8)
Inserted 0 at (4,5)
Inserted 0 at (1,2)
Inserted 0 at (0,0)
Inserted 9 at (0,0)
Inserted 4 at (1,2)
Inserted 7 at (4,5)
Inserted 8 at (8,8)
Inserted 0 at (8,8)
Inserted 0 at (4,5)
Inserted 0 at (1,2)
Inserted 0 at (0,0)
Inserted 4 at (0,0)
Inserted 7 at (4,5)
Inserted 2 at (6,4)
Inserted 8 at (8,8)
Inserted 0 at (8,8)
Inserted 0 at (6,4)
Inserted 4 at (6,4)
Inserted 8 at (8,8)
Inserted 0 at (8,8)
Inserted 0 at (6,4)
Inserted 6 at (6,4)
Inserted 0 at (6,4)
Inserted 0 at (4,5)
Inserted 0 at (0,0)
Inserted 4 at (0,0)
Inserted 7 at (4,5)
Inserted 2 at (6,4)
Inserted 8 at (8,8)
Inserted 0 at (8,8)
Inserted 0 at (6,4)
Inserted 4 at (6,4)
Inserted 8 at (8,8)
Inserted 0 at (8,8)
Inserted 0 at (6,4)
Inserted 6 at (6,4)
Inserted 0 at (6,4)
Inserted 0 at (4,5)
Inserted 0 at (0,0)
Inserted 4 at (0,0)
Inserted 7 at (4,5)
Inserted 3 at (8,5)
Inserted 8 at (8,8)
Inserted 0 at (8,8)
Inserted 0 at (8,5)
Inserted 4 at (8,5)
Inserted 8 at (8,8)
Inserted 0 at (8,8)
Inserted 0 at (8,5)
Inserted 5 at (8,5)
Inserted 0 at (8,5)
Inserted 8 at (8,5)
Inserted 0 at (8,5)
Inserted 9 at (8,5)
Inserted 0 at (8,5)
Inserted 0 at (4,5)
Inserted 0 at (0,0)
Inserted 4 at (0,0)
Inserted 6 at (2,2)
Inserted 7 at (4,5)
Inserted 8 at (8,8)
Inserted 0 at (8,8)
Inserted 0 at (4,5)
Inserted 0 at (2,2)
Inserted 0 at (0,0)
Inserted 6 at (0,0)
Inserted 4 at (2,2)
Inserted 7 at (4,5)
Inserted 8 at (8,8)
Inserted 0 at (8,8)
Inserted 0 at (4,5)
Inserted 0 at (2,2)
Inserted 0 at (0,0)
Inserted 4 at (0,0)
Inserted 7 at (4,5)
Inserted 5 at (7,5)
Inserted 8 at (8,8)
Inserted 0 at (8,8)
Inserted 0 at (7,5)
Inserted 8 at (7,5)
Inserted 8 at (8,8)
Inserted 0 at (8,8)
Inserted 0 at (7,5)
Inserted 9 at (7,5)
Inserted 0 at (7,5)
Inserted 0 at (4,5)
Inserted 0 at (0,0)
Inserted 4 at (0,0)
Inserted 7 at (4,5)
Inserted 5 at (5,0)
Inserted 8 at (8,8)
Inserted 0 at (8,8)
Inserted 0 at (5,0)
Inserted 6 at (5,0)
Inserted 8 at (8,8)
Inserted 0 at (8,8)
Inserted 0 at (5,0)
Inserted 7 at (5,0)
Inserted 0 at (5,0)
Inserted 8 at (5,0)
Inserted 0 at (5,0)
Inserted 9 at (5,0)
Inserted 0 at (5,0)
Inserted 0 at (4,5)
Inserted 0 at (0,0)
Inserted 4 at (0,0)
Inserted 7 at (0,2)
Inserted 7 at (4,5)
Inserted 8 at (8,8)
Inserted 0 at (8,8)
Inserted 0 at (4,5)
Inserted 0 at (0,2)
Inserted 0 at (0,0)
Inserted 7 at (0,0)
Inserted 4 at (0,2)
Inserted 7 at (4,5)
Inserted 8 at (8,8)
Inserted 0 at (8,8)
Inserted 0 at (4,5)
Inserted 0 at (0,2)
Inserted 0 at (0,0)
Inserted 4 at (0,0)
Inserted 7 at (4,5)
Inserted 2 at (8,6)
Inserted 8 at (8,8)
Inserted 0 at (8,8)
Inserted 0 at (8,6)
Inserted 8 at (8,6)
Inserted 2 at (8,8)
Inserted 0 at (8,8)
Inserted 0 at (8,6)
Inserted 0 at (4,5)
Inserted 0 at (0,0)
Inserted 4 at (0,0)
Inserted 4 at (4,5)
Inserted 7 at (5,3)
Inserted 8 at (8,8)
Inserted 0 at (8,8)
Inserted 0 at (5,3)
Inserted 0 at (4,5)
Inserted 7 at (4,5)
Inserted 4 at (5,3)
Inserted 8 at (8,8)
Inserted 0 at (8,8)
Inserted 0 at (5,3)
Inserted 0 at (4,5)
Inserted 0 at (0,0)
Inserted 4 at (0,0)
Inserted 8 at (1,1)
Inserted 7 at (4,5)
Inserted 8 at (8,8)
Inserted 0 at (8,8)
Inserted 0 at (4,5)
Inserted 0 at (1,1)
Inserted 0 at (0,0)
Inserted 8 at (0,0)
Inserted 4 at (1,1)
Inserted 7 at (4,5)
Inserted 8 at (8,8)
Inserted 0 at (8,8)
Inserted 0 at (4,5)
Inserted 0 at (1,1)
Inserted 0 at (0,0)
Inserted 4 at (0,0)
Inserted 2 at (4,5)
Inserted 7 at (5,5)
Inserted 8 at (8,8)
Inserted 0 at (8,8)
Inserted 0 at (5,5)
Inserted 0 at (4,5)
Inserted 7 at (4,5)
Inserted 2 at (5,5)
Inserted 8 at (8,8)
Inserted 0 at (8,8)
Inserted 0 at (5,5)
Inserted 0 at (4,5)
Inserted 0 at (0,0)
Inserted 4 at (0,0)
Inserted 7 at (4,5)
Inserted 8 at (7,7)
Inserted 0 at (7,7)
Inserted 0 at (4,5)
Inserted 0 at (0,0)
Inserted 4 at (0,0)
Inserted 2 at (4,1)
Inserted 7 at (4,5)
Inserted 8 at (8,8)
Inserted 0 at (8,8)
Inserted 0 at (4,5)
Inserted 0 at (4,1)
Inserted 3 at (4,1)
Inserted 7 at (4,5)
Inserted 8 at (8,8)
Inserted 0 at (8,8)
Inserted 0 at (4,5)
Inserted 0 at (4,1)
Inserted 4 at (4,1)
Inserted 0 at (4,1)
Inserted 6 at (4,1)
Inserted 0 at (4,1)
Inserted 7 at (4,1)
Inserted 0 at (4,1)
Inserted 9 at (4,1)
Inserted 0 at (4,1)
Inserted 0 at (0,0)
Inserted 3 at (0,0)
Inserted 4 at (2,0)
Inserted 7 at (4,5)
Inserted 8 at (8,8)
Inserted 0 at (8,8)
Inserted 0 at (4,5)
Inserted 0 at (2,0)
Inserted 0 at (0,0)
Inserted 4 at (0,0)
Inserted 3 at (2,0)
Inserted 7 at (4,5)
Inserted 8 at (8,8)
Inserted 0 at (8,8)
Inserted 0 at (4,5)
Inserted 0 at (2,0)
Inserted 0 at (0,0)
Inserted 4 at (0,0)
Inserted 6 at (2,2)
Inserted 7 at (4,5)
Inserted 8 at (8,8)
Inserted 0 at (8,8)
Inserted 0 at (4,5)
Inserted 0 at (2,2)
Inserted 0 at (0,0)
Inserted 6 at (0,0)
Inserted 4 at (2,2)
Inserted 7 at (4,5)
Inserted 8 at (8,8)
Inserted 0 at (8,8)
Inserted 0 at (4,5)
Inserted 0 at (2,2)
Inserted 0 at (0,0)
Inserted 4 at (0,0)
Inserted 7 at (4,5)
Inserted 2 at (6,1)
Inserted 8 at (8,8)
Inserted 0 at (8,8)
Inserted 0 at (6,1)
Inserted 3 at (6,1)
Inserted 8 at (8,8)
Inserted 0 at (8,8)
Inserted 0 at (6,1)
Inserted 4 at (6,1)
Inserted 0 at (6,1)
Inserted 6 at (6,1)
Inserted 0 at (6,1)
Inserted 0 at (4,5)
Inserted 0 at (0,0)
Inserted 4 at (0,0)
Inserted 5 at (3,0)
Inserted 7 at (4,5)
Inserted 8 at (8,8)
Inserted 0 at (8,8)
Inserted 0 at (4,5)
Inserted 0 at (3,0)
Inserted 7 at (3,0)
Inserted 7 at (4,5)
Inserted 8 at (8,8)
Inserted 0 at (8,8)
Inserted 0 at (4,5)
Inserted 0 at (3,0)
Inserted 8 at (3,0)
Inserted 0 at (3,0)
Inserted 0 at (0,0)
Inserted 4 at (0,0)
Inserted 7 at (4,5)
Inserted 8 at (6,7)
Inserted 9 at (8,8)
Inserted 0 at (8,8)
Inserted 0 at (6,7)
Inserted 9 at (6,7)
Inserted 8 at (8,8)
Inserted 0 at (8,8)
Inserted 0 at (6,7)
Inserted 0 at (4,5)
Inserted 0 at (0,0)
Inserted 4 at (0,0)
Inserted 7 at (4,5)
Inserted 3 at (8,3)
Inserted 8 at (8,8)
Inserted 0 at (8,8)
Inserted 0 at (8,3)
Inserted 7 at (8,3)
Inserted 8 at (8,8)
Inserted 0 at (8,8)
Inserted 0 at (8,3)
Inserted 8 at (8,3)
Inserted 0 at (8,3)
Inserted 0 at (4,5)
Inserted 0 at (0,0)
Inserted 4 at (0,0)
Inserted 6 at (0,6)
Inserted 7 at (4,5)
Inserted 8 at (8,8)
Inserted 0 at (8,8)
Inserted 0 at (4,5)
Inserted 0 at (0,6)
Inserted 8 at (0,6)
Inserted 7 at (4,5)
Inserted 8 at (8,8)
Inserted 0 at (8,8)
Inserted 0 at (4,5)
Inserted 0 at (0,6)
Inserted 9 at (0,6)
Inserted 0 at (0,6)
Inserted 0 at (0,0)
Inserted 4 at (0,0)
Inserted 7 at (4,5)
Inserted 3 at (8,5)
Inserted 8 at (8,8)
Inserted 0 at (8,8)
Inserted 0 at (8,5)
Inserted 4 at (8,5)
Inserted 8 at (8,8)
Inserted 0 at (8,8)
Inserted 0 at (8,5)
Inserted 5 at (8,5)
Inserted 0 at (8,5)
Inserted 8 at (8,5)
Inserted 0 at (8,5)
Inserted 9 at (8,5)
Inserted 0 at (8,5)
Inserted 0 at (4,5)
Inserted 0 at (0,0)
Inserted 4 at (0,0)
Inserted 7 at (4,5)
Inserted 6 at (5,6)
Inserted 8 at (8,8)
Inserted 0 at (8,8)
Inserted 0 at (5,6)
Inserted 7 at (5,6)
Inserted 8 at (8,8)
Inserted 0 at (8,8)
Inserted 0 at (5,6)
Inserted 8 at (5,6)
Inserted 0 at (5,6)
Inserted 9 at (5,6)
Inserted 0 at (5,6)
Inserted 0 at (4,5)
Inserted 0 at (0,0)
Inserted 4 at (0,0)
Inserted 7 at (4,5)
Inserted 5 at (7,0)
Inserted 8 at (8,8)
Inserted 0 at (8,8)
Inserted 0 at (7,0)
Inserted 6 at (7,0)
Inserted 8 at (8,8)
Inserted 0 at (8,8)
Inserted 0 at (7,0)
Inserted 7 at (7,0)
Inserted 0 at (7,0)
Inserted 8 at (7,0)
Inserted 0 at (7,0)
Inserted 9 at (7,0)
Inserted 0 at (7,0)
Inserted 0 at (4,5)
Inserted 0 at (0,0)
Inserted 4 at (0,0)
Inserted 3 at (1,8)
Inserted 7 at (4,5)
Inserted 8 at (8,8)
Inserted 0 at (8,8)
Inserted 0 at (4,5)
Inserted 0 at (1,8)
Inserted 5 at (1,8)
Inserted 7 at (4,5)
Inserted 8 at (8,8)
Inserted 0 at (8,8)
Inserted 0 at (4,5)
Inserted 0 at (1,8)
Inserted 6 at (1,8)
Inserted 0 at (1,8)
Inserted 0 at (0,0)
Inserted 4 at (0,0)
Inserted 2 at (2,3)
Inserted 7 at (4,5)
Inserted 8 at (8,8)
Inserted 0 at (8,8)
Inserted 0 at (4,5)
Inserted 0 at (2,3)
Inserted 7 at (2,3)
Inserted 7 at (4,5)
Inserted 8 at (8,8)
Inserted 0 at (8,8)
Inserted 0 at (4,5)
Inserted 0 at (2,3)
Inserted 8 at (2,3)
Inserted 0 at (2,3)
Inserted 0 at (0,0)
Inserted 4 at (0,0)
Inserted 4 at (2,5)
Inserted 7 at (4,5)
Inserted 8 at (8,8)
Inserted 0 at (8,8)
Inserted 0 at (4,5)
Inserted 0 at (2,5)
Inserted 7 at (2,5)
Inserted 0 at (2,5)
Inserted 8 at (2,5)
Inserted 7 at (4,5)
Inserted 8 at (8,8)
Inserted 0 at (8,8)
Inserted 0 at (4,5)
Inserted 0 at (2,5)
Inserted 9 at (2,5)
Inserted 0 at (2,5)
Inserted 0 at (0,0)
Removing 36 fields.
Stopped initialising here

]]></system-out>
  </testcase>
  <testcase name="coherentBoardSizeTest" classname="com.sudoku.SudokuBoardTest" time="0.001">
    <system-out><![CDATA[Inserted 1 at (8,8)
Inserted 1 at (0,0)
]]></system-out>
  </testcase>
</testsuite>